2017-12-15 03:11:26,837 [11] INFO  WorkerController 1 SelectTables
2017-12-15 03:11:28,533 [10] INFO  WorkerController 1 SelectRecords
2017-12-15 03:11:32,913 [12] INFO  WorkerController 1 SelectTables
2017-12-15 03:11:39,737 [12] INFO  WorkerController 4 SelectRecords
2017-12-15 03:11:42,717 [10] INFO  WorkerController 4 CreateRecord
2017-12-15 03:11:51,146 [10] INFO  WorkerController CRC 4 10  
2017-12-15 03:11:51,147 [10] INFO  WorkerDAO CR 4 10  Manager
2017-12-15 03:11:51,163 [12] INFO  WorkerController 4 SelectRecords
2017-12-15 03:11:57,401 [11] INFO  WorkerController SelectRecordsNonCheck
2017-12-15 03:12:08,518 [11] INFO  WorkerController SetCheckRecord
2017-12-15 04:08:28,562 [12] INFO  WorkerController SelectRecordsNonCheck
2017-12-15 04:08:46,745 [12] INFO  WorkerController SetCheckRecord
2017-12-15 04:08:56,543 [9] INFO  WorkerController SetCheckRecord
2017-12-15 04:09:06,302 [8] INFO  WorkerController SetCheckRecord
2017-12-15 04:09:18,859 [12] INFO  WorkerController 3 SelectTables
2017-12-15 04:09:23,650 [12] INFO  WorkerController 6 SelectRecords
2017-12-15 04:09:26,590 [12] INFO  WorkerController 6 CreateRecord
2017-12-15 04:09:29,449 [12] INFO  WorkerController CRC 6 0  
2017-12-15 04:09:29,449 [12] INFO  WorkerDAO CR 6 0  Manager
2017-12-15 04:09:29,466 [8] INFO  WorkerController 6 SelectRecords
2017-12-15 04:09:33,451 [7] INFO  WorkerController SelectRecordsNonCheck
2017-12-15 04:09:36,358 [7] INFO  WorkerController SetCheckRecord
2017-12-15 04:10:48,941 [8] INFO  WorkerController 3 SelectTables
2017-12-15 04:10:50,027 [8] INFO  WorkerController 6 SelectRecords
2017-12-15 04:10:51,950 [5] INFO  WorkerController 6 CreateRecord
2017-12-15 04:10:59,717 [6] INFO  WorkerController CRC 6 100 пр 
2017-12-15 04:10:59,718 [6] INFO  WorkerDAO CR 6 100 пр Manager
2017-12-15 04:10:59,736 [5] INFO  WorkerController 6 SelectRecords
2017-12-15 04:11:02,903 [7] INFO  WorkerController SelectRecordsNonCheck
2017-12-15 04:11:06,850 [5] INFO  WorkerController SetCheckRecord
2017-12-15 04:14:23,968 [8] INFO  WorkerController 3 SelectTables
2017-12-15 04:14:25,533 [10] INFO  WorkerController 6 SelectRecords
2017-12-15 04:14:27,797 [9] INFO  WorkerController 6 CreateRecord
2017-12-15 04:14:33,881 [7] INFO  WorkerController CRC 6 20  
2017-12-15 04:14:33,882 [7] INFO  WorkerDAO CR 6 20  Manager
2017-12-15 04:14:33,897 [8] INFO  WorkerController 6 SelectRecords
2017-12-15 04:14:37,197 [11] INFO  WorkerController SelectRecordsNonCheck
2017-12-15 04:14:40,093 [7] INFO  WorkerController SetCheckRecord
2017-12-15 04:14:45,151 [7] INFO  WorkerController SetCheckRecord
2017-12-15 04:56:52,572 [7] INFO  WorkerController 3 SelectTables
2017-12-15 04:56:54,701 [10] INFO  WorkerController 6 SelectRecords
2017-12-15 04:58:23,771 [8] INFO  WorkerController SelectRecordsNonCheck
2017-12-15 04:58:29,538 [7] INFO  WorkerController 6 SelectRecords
2017-12-15 04:58:38,382 [8] INFO  WorkerController 6 CreateRecord
2017-12-15 04:58:40,369 [7] INFO  WorkerController CRC 6 0  
2017-12-15 04:58:40,370 [7] INFO  WorkerDAO CR 6 0  root
2017-12-15 04:58:40,387 [8] INFO  WorkerController 6 SelectRecords
2017-12-15 04:58:41,888 [9] INFO  WorkerController 6 CreateRecord
2017-12-15 04:58:42,812 [9] INFO  WorkerController CRC 6 0  
2017-12-15 04:58:42,812 [9] INFO  WorkerDAO CR 6 0  root
2017-12-15 04:58:42,823 [10] INFO  WorkerController 6 SelectRecords
2017-12-15 04:58:44,142 [7] INFO  WorkerController 6 CreateRecord
2017-12-15 04:58:45,005 [8] INFO  WorkerController CRC 6 0  
2017-12-15 04:58:45,005 [8] INFO  WorkerDAO CR 6 0  root
2017-12-15 04:58:45,018 [7] INFO  WorkerController 6 SelectRecords
2017-12-15 04:58:46,331 [9] INFO  WorkerController 6 CreateRecord
2017-12-15 04:58:47,339 [9] INFO  WorkerController CRC 6 0  
2017-12-15 04:58:47,339 [9] INFO  WorkerDAO CR 6 0  root
2017-12-15 04:58:47,350 [7] INFO  WorkerController 6 SelectRecords
2017-12-15 04:58:48,694 [8] INFO  WorkerController 6 CreateRecord
2017-12-15 04:58:49,523 [7] INFO  WorkerController CRC 6 0  
2017-12-15 04:58:49,523 [7] INFO  WorkerDAO CR 6 0  root
2017-12-15 04:58:49,535 [9] INFO  WorkerController 6 SelectRecords
2017-12-15 04:58:50,699 [8] INFO  WorkerController 6 CreateRecord
2017-12-15 04:58:51,540 [10] INFO  WorkerController CRC 6 0  
2017-12-15 04:58:51,540 [10] INFO  WorkerDAO CR 6 0  root
2017-12-15 04:58:51,552 [9] INFO  WorkerController 6 SelectRecords
2017-12-15 04:58:52,776 [8] INFO  WorkerController 6 CreateRecord
2017-12-15 04:58:54,055 [7] INFO  WorkerController CRC 6 0  
2017-12-15 04:58:54,055 [7] INFO  WorkerDAO CR 6 0  root
2017-12-15 04:58:54,067 [10] INFO  WorkerController 6 SelectRecords
2017-12-15 04:58:55,081 [9] INFO  WorkerController 6 CreateRecord
2017-12-15 04:58:56,093 [7] INFO  WorkerController CRC 6 0  
2017-12-15 04:58:56,093 [7] INFO  WorkerDAO CR 6 0  root
2017-12-15 04:58:56,103 [10] INFO  WorkerController 6 SelectRecords
2017-12-15 04:58:57,108 [8] INFO  WorkerController 6 CreateRecord
2017-12-15 04:58:57,967 [9] INFO  WorkerController CRC 6 0  
2017-12-15 04:58:57,967 [9] INFO  WorkerDAO CR 6 0  root
2017-12-15 04:58:57,975 [7] INFO  WorkerController 6 SelectRecords
2017-12-15 04:58:59,078 [9] INFO  WorkerController 6 CreateRecord
2017-12-15 04:59:00,070 [9] INFO  WorkerController CRC 6 0  
2017-12-15 04:59:00,070 [9] INFO  WorkerDAO CR 6 0  root
2017-12-15 04:59:00,086 [11] INFO  WorkerController 6 SelectRecords
2017-12-15 04:59:01,154 [11] INFO  WorkerController 6 CreateRecord
2017-12-15 04:59:02,088 [7] INFO  WorkerController CRC 6 0  
2017-12-15 04:59:02,088 [7] INFO  WorkerDAO CR 6 0  root
2017-12-15 04:59:02,099 [10] INFO  WorkerController 6 SelectRecords
2017-12-15 04:59:07,462 [11] INFO  WorkerController SelectRecordsNonCheck
2017-12-15 05:05:08,968 [7] INFO  WorkerController SelectRecordsNonCheck
2017-12-15 05:05:19,208 [9] INFO  WorkerController SelectRecordsNonCheck
2017-12-15 05:05:32,654 [8] INFO  WorkerController 4 SelectTables
2017-12-15 05:05:34,770 [9] INFO  WorkerController SelectRecordsNonCheck
2017-12-15 05:05:49,782 [11] INFO  WorkerController SelectRecordsNonCheck
2017-12-15 05:09:37,771 [8] INFO  WorkerController SelectRecordsNonCheck
2017-12-15 05:09:40,071 [10] INFO  WorkerController SelectRecordsNonCheck
2017-12-15 05:09:42,701 [10] INFO  WorkerController SelectRecordsNonCheck
2017-12-15 05:09:44,635 [8] INFO  WorkerController SelectRecordsNonCheck
2017-12-15 05:09:45,225 [9] INFO  WorkerController SelectRecordsNonCheck
2017-12-15 05:10:19,290 [8] INFO  WorkerController SelectRecordsNonCheck
2017-12-15 05:10:22,671 [8] INFO  WorkerController SelectRecordsNonCheck
2017-12-15 05:10:24,533 [10] INFO  WorkerController SelectRecordsNonCheck
2017-12-15 05:10:37,027 [7] INFO  WorkerController SetCheckRecord
2017-12-15 05:10:37,051 [10] INFO  WorkerController SelectRecordsNonCheck
2017-12-15 05:10:37,702 [10] INFO  WorkerController SetCheckRecord
2017-12-15 05:10:37,711 [7] INFO  WorkerController SelectRecordsNonCheck
2017-12-15 05:10:37,901 [10] INFO  WorkerController SetCheckRecord
2017-12-15 05:10:37,913 [7] INFO  WorkerController SelectRecordsNonCheck
2017-12-15 05:10:38,220 [10] INFO  WorkerController SetCheckRecord
2017-12-15 05:10:38,230 [9] INFO  WorkerController SelectRecordsNonCheck
2017-12-15 05:10:38,464 [10] INFO  WorkerController SetCheckRecord
2017-12-15 05:10:38,474 [9] INFO  WorkerController SelectRecordsNonCheck
2017-12-15 05:10:38,739 [7] INFO  WorkerController SetCheckRecord
2017-12-15 05:10:38,757 [10] INFO  WorkerController SelectRecordsNonCheck
2017-12-15 05:10:39,286 [7] INFO  WorkerController SetCheckRecord
2017-12-15 05:10:39,300 [10] INFO  WorkerController SelectRecordsNonCheck
2017-12-15 05:10:39,818 [9] INFO  WorkerController SetCheckRecord
2017-12-15 05:10:39,829 [10] INFO  WorkerController SelectRecordsNonCheck
2017-12-15 05:10:40,064 [8] INFO  WorkerController SetCheckRecord
2017-12-15 05:10:40,076 [10] INFO  WorkerController SelectRecordsNonCheck
2017-12-15 05:10:40,403 [11] INFO  WorkerController SetCheckRecord
2017-12-15 05:10:40,416 [7] INFO  WorkerController SelectRecordsNonCheck
2017-12-15 05:10:40,936 [11] INFO  WorkerController SetCheckRecord
2017-12-15 05:10:40,949 [9] INFO  WorkerController SelectRecordsNonCheck
2017-12-15 05:47:37,543 [8] INFO  WorkerController 2 SelectTables
2017-12-15 05:47:42,967 [10] INFO  WorkerController 7 SelectRecords
2017-12-15 05:47:47,543 [10] INFO  WorkerController 3 SelectTables
2017-12-15 05:47:49,052 [10] INFO  WorkerController 6 SelectRecords
2017-12-15 05:49:56,802 [7] INFO  WorkerController SelectRecordsNonCheck
2017-12-15 05:52:39,946 [10] INFO  WorkerController 3 SelectTables
2017-12-15 05:52:48,377 [11] INFO  WorkerController 6 SelectRecords
2017-12-15 05:52:51,449 [10] INFO  WorkerController 6 SelectRecords
2017-12-15 05:52:53,161 [10] INFO  WorkerController 6 SelectRecords
2017-12-15 05:52:59,845 [10] INFO  WorkerController 3 SelectTables
2017-12-15 05:55:35,931 [7] INFO  WorkerController 3 SelectTables
2017-12-15 05:55:42,766 [8] INFO  WorkerController 3 OpenTable
2017-12-15 05:58:59,902 [7] INFO  WorkerController 4 SelectTables
2017-12-15 05:59:04,494 [10] INFO  WorkerController 5 SelectRecords
2017-12-15 05:59:07,449 [10] INFO  WorkerController 3 SelectTables
2017-12-15 05:59:10,597 [9] INFO  WorkerController 3 OpenTable
2017-12-15 05:59:10,615 [7] INFO  WorkerController 3 SelectTables
2017-12-15 05:59:12,413 [10] INFO  WorkerController 6 SelectRecords
2017-12-15 05:59:15,215 [7] INFO  WorkerController 3 SelectTables
2017-12-15 05:59:16,285 [10] INFO  WorkerController 9 CloseTable
2017-12-15 06:04:05,081 [14] INFO  WorkerController 6 SelectRecords
2017-12-15 06:04:07,834 [20] INFO  WorkerController 8 CloseTable
2017-12-15 06:05:09,175 [9] INFO  WorkerController 3 SelectTables
2017-12-15 06:05:29,488 [11] INFO  WorkerController 6 SelectRecords
2017-12-15 06:05:33,467 [11] INFO  WorkerController 3 SelectTables
2017-12-15 06:05:34,535 [7] INFO  WorkerController 6 CloseTable
2017-12-15 06:08:45,444 [9] INFO  WorkerController 3 SelectTables
2017-12-15 06:08:48,547 [10] INFO  WorkerController 6 SelectRecords
2017-12-15 06:08:55,170 [12] INFO  WorkerController 3 SelectTables
2017-12-15 06:08:59,656 [9] INFO  WorkerController 3 OpenTable
2017-12-15 06:08:59,677 [11] INFO  WorkerController 3 SelectTables
2017-12-15 06:09:32,700 [11] INFO  WorkerController 10 CloseTable
2017-12-15 06:09:35,670 [11] INFO  WorkerController 3 SelectTables
2017-12-15 06:09:41,065 [10] INFO  WorkerController 3 OpenTable
2017-12-15 06:09:41,077 [11] INFO  WorkerController 3 SelectTables
2017-12-15 06:10:39,097 [8] INFO  WorkerController 11 CloseTable
2017-12-15 06:10:44,519 [9] INFO  WorkerController 3 SelectTables
2017-12-15 06:10:47,408 [9] INFO  WorkerController 3 OpenTable
2017-12-15 06:10:47,422 [7] INFO  WorkerController 3 SelectTables
2017-12-15 06:16:17,921 [7] INFO  WorkerController 12 SelectRecords
2017-12-15 06:16:20,838 [7] INFO  WorkerController 12 CloseTable
2017-12-15 06:18:26,908 [10] INFO  WorkerController 3 SelectTables
2017-12-15 06:18:30,495 [8] INFO  WorkerController 3 SelectTables
2017-12-15 06:18:32,562 [8] INFO  WorkerController 3 OpenTable
2017-12-15 06:18:32,585 [10] INFO  WorkerController 3 SelectTables
2017-12-15 06:18:34,967 [7] INFO  WorkerController 13 CloseTable
2017-12-15 06:18:37,019 [10] INFO  WorkerController 13 SelectRecords
2017-12-15 06:18:46,843 [11] INFO  WorkerController 3 SelectTables
2017-12-15 06:18:52,977 [11] INFO  WorkerController 3 OpenTable
2017-12-15 06:18:52,987 [10] INFO  WorkerController 3 SelectTables
2017-12-15 06:19:33,413 [9] INFO  WorkerController 14 CloseTable
2017-12-15 06:25:41,046 [10] INFO  WorkerController 1 SelectTables
2017-12-15 06:25:42,950 [11] INFO  WorkerController 2 SelectRecords
2017-12-15 06:25:45,606 [8] INFO  WorkerController 1 SelectTables
2017-12-15 06:25:49,031 [9] INFO  WorkerController SelectRecordsNonCheck
2017-12-15 06:25:52,191 [9] INFO  WorkerController 3 SelectTables
2017-12-15 06:25:53,663 [8] INFO  WorkerController 3 OpenTable
2017-12-15 06:25:53,702 [11] INFO  WorkerController 3 SelectTables
2017-12-15 06:25:54,726 [8] INFO  WorkerController 15 SelectRecords
2017-12-15 06:25:58,631 [8] INFO  WorkerController 3 SelectTables
2017-12-15 06:26:00,218 [9] INFO  WorkerController 15 SelectRecords
2017-12-15 06:26:04,855 [9] INFO  WorkerController 3 SelectTables
2017-12-15 06:26:09,415 [11] INFO  WorkerController 4 SelectTables
2017-12-15 06:26:10,512 [11] INFO  WorkerController 4 OpenTable
2017-12-15 06:26:10,533 [10] INFO  WorkerController 4 SelectTables
2017-12-15 06:26:12,172 [11] INFO  WorkerController 16 SelectRecords
2017-12-15 06:27:21,939 [10] INFO  WorkerController 3 SelectTables
2017-12-15 06:27:42,557 [10] INFO  WorkerController 15 SelectRecords
2017-12-15 06:31:26,118 [9] INFO  WorkerController SelectRecordsNonCheck
2017-12-15 06:31:34,744 [9] INFO  WorkerController 3 SelectTables
2017-12-15 06:31:36,197 [7] INFO  WorkerController 15 SelectRecords
2017-12-15 06:36:21,100 [10] INFO  WorkerController 3 SelectTables
2017-12-15 06:36:22,454 [11] INFO  WorkerController 15 SelectRecords
2017-12-15 06:36:25,020 [12] INFO  WorkerController 6 SelectRecords
2017-12-15 06:37:14,475 [7] INFO  WorkerController 3 SelectTables
2017-12-15 06:37:15,325 [11] INFO  WorkerController 15 SelectRecords
2017-12-15 06:37:16,397 [11] INFO  WorkerController 15 CreateRecord
2017-12-15 06:39:01,893 [10] INFO  WorkerController 3 SelectTables
2017-12-15 06:39:05,260 [8] INFO  WorkerController 15 SelectRecords
2017-12-15 06:39:08,415 [7] INFO  WorkerController 3 SelectTables
2017-12-15 06:39:09,530 [9] INFO  WorkerController 6 SelectRecords
2017-12-15 06:40:50,068 [8] INFO  WorkerController 3 SelectTables
2017-12-15 06:40:53,114 [8] INFO  WorkerController 15 SelectRecords
2017-12-15 06:40:59,932 [7] INFO  WorkerController 3 SelectTables
2017-12-15 06:41:00,884 [7] INFO  WorkerController 6 SelectRecords
2017-12-15 06:42:30,260 [8] INFO  WorkerController 3 SelectTables
2017-12-15 06:42:32,182 [8] INFO  WorkerController 6 SelectRecords
2017-12-15 06:42:38,398 [8] INFO  WorkerController 6 SelectRecords
2017-12-15 06:42:40,054 [8] INFO  WorkerController 6 SelectRecords
2017-12-15 06:42:44,562 [8] INFO  WorkerController 3 SelectTables
2017-12-15 06:42:51,553 [10] INFO  WorkerController 15 SelectRecords
2017-12-15 06:42:52,676 [9] INFO  WorkerController 15 CreateRecord
2017-12-15 06:42:54,744 [9] INFO  WorkerController CRC 15 0  
2017-12-15 06:42:54,745 [9] INFO  WorkerDAO CR 15 0  root
2017-12-15 06:42:54,762 [7] INFO  WorkerController 15 SelectRecords
2017-12-15 06:42:56,926 [8] INFO  WorkerController SelectRecordsNonCheck
2017-12-15 06:42:58,737 [10] INFO  WorkerController SetCheckRecord
2017-12-15 06:46:03,776 [8] INFO  WorkerController SelectRecordsNonCheck
2017-12-15 06:46:07,744 [9] INFO  WorkerController 3 SelectTables
2017-12-15 06:46:09,512 [10] INFO  WorkerController 15 SelectRecords
2017-12-15 06:46:10,457 [8] INFO  WorkerController 15 CreateRecord
2017-12-15 06:46:12,191 [10] INFO  WorkerController CRC 15 0  
2017-12-15 06:46:12,192 [10] INFO  WorkerDAO CR 15 0  root
2017-12-15 06:46:12,207 [9] INFO  WorkerController 15 SelectRecords
2017-12-15 06:46:14,066 [9] INFO  WorkerController SelectRecordsNonCheck
2017-12-15 06:46:18,358 [10] INFO  WorkerController SetCheckRecord
2017-12-15 06:46:18,368 [8] INFO  WorkerController SelectRecordsNonCheck
2017-12-15 06:46:31,371 [11] INFO  WorkerController 3 SelectTables
2017-12-15 06:46:34,372 [11] INFO  WorkerController 15 CloseTable
2017-12-15 06:46:36,540 [9] INFO  WorkerController 3 OpenTable
2017-12-15 06:46:37,667 [8] INFO  WorkerController 17 SelectRecords
2017-12-15 06:46:41,143 [11] INFO  WorkerController 4 SelectTables
2017-12-15 06:46:42,455 [10] INFO  WorkerController 16 SelectRecords
2017-12-15 06:46:45,655 [8] INFO  WorkerController 1 SelectTables
2017-12-15 06:46:46,661 [8] INFO  WorkerController 1 SelectRecords
2017-12-15 06:46:51,815 [11] INFO  WorkerController 1 SelectTables
2017-12-15 06:46:55,084 [7] INFO  WorkerController 2 SelectRecords
2017-12-15 06:47:02,735 [7] INFO  WorkerController 1 SelectTables
2017-12-15 06:47:06,453 [10] INFO  WorkerController 2 SelectRecords
2017-12-15 06:47:08,970 [7] INFO  WorkerController 1 SelectTables
2017-12-15 06:47:10,743 [11] INFO  WorkerController 3 SelectRecords
2017-12-15 06:47:14,402 [11] INFO  WorkerController 1 SelectTables
2017-12-15 06:47:15,783 [8] INFO  WorkerController 3 SelectRecords
2017-12-15 06:47:18,104 [11] INFO  WorkerController 3 SelectTables
2017-12-15 06:47:19,319 [10] INFO  WorkerController 17 SelectRecords
2017-12-15 06:47:22,263 [8] INFO  WorkerController 3 SelectTables
2017-12-15 06:48:13,591 [11] INFO  WorkerController 17 CloseTable
2017-12-15 06:48:15,271 [8] INFO  WorkerController 17 SelectRecords
2017-12-15 06:48:18,253 [8] INFO  WorkerController 3 SelectTables
2017-12-15 06:52:23,486 [10] INFO  WorkerController 3 SelectTables
2017-12-15 06:52:29,843 [9] INFO  WorkerController 3 OpenTable
2017-12-15 06:54:35,400 [8] INFO  WorkerController 3 SelectTables
2017-12-15 06:54:40,983 [7] INFO  WorkerController 3 OpenTable
2017-12-15 06:54:41,002 [8] INFO  WorkerController 3 SelectTables
2017-12-15 06:54:43,980 [10] INFO  WorkerController SelectRecordsNonCheck
2017-12-15 06:54:46,150 [9] INFO  WorkerController SelectRecordsNonCheck
2017-12-15 06:57:19,154 [11] INFO  WorkerController 3 SelectTables
2017-12-15 06:57:21,450 [9] INFO  WorkerController 18 SelectRecords
2017-12-15 06:57:22,875 [9] INFO  WorkerController 18 CreateRecord
2017-12-15 06:57:24,348 [11] INFO  WorkerController CRC 18 0  
2017-12-15 06:57:24,349 [11] INFO  WorkerDAO CR 18 0  root
2017-12-15 06:57:24,364 [8] INFO  WorkerController 18 SelectRecords
2017-12-15 06:57:28,162 [11] INFO  WorkerController SelectRecordsNonCheck
2017-12-15 06:57:29,285 [10] INFO  WorkerController SetCheckRecord
2017-12-15 06:57:29,300 [9] INFO  WorkerController SelectRecordsNonCheck
2017-12-15 06:57:32,245 [9] INFO  WorkerController 4 SelectTables
2017-12-15 06:57:37,441 [10] INFO  WorkerController 3 SelectTables
2017-12-15 06:57:38,943 [10] INFO  WorkerController 18 SelectRecords
2017-12-15 06:57:50,951 [9] INFO  WorkerController 3 SelectTables
2017-12-15 06:58:08,984 [7] INFO  WorkerController SelectRecordsNonCheck
2017-12-15 06:58:10,265 [7] INFO  WorkerController SelectRecordsNonCheck
2017-12-15 06:58:30,378 [7] INFO  WorkerController 3 SelectTables
2017-12-15 06:58:33,089 [11] INFO  WorkerController SelectRecordsNonCheck
2017-12-15 06:58:41,043 [11] INFO  WorkerController 3 SelectTables
2017-12-15 06:58:42,779 [9] INFO  WorkerController 3 OpenTable
2017-12-15 06:58:42,791 [11] INFO  WorkerController 3 SelectTables
2017-12-15 06:58:44,792 [9] INFO  WorkerController SelectRecordsNonCheck
2017-12-15 06:58:46,236 [11] INFO  WorkerController SelectRecordsNonCheck
2017-12-15 06:58:48,343 [10] INFO  WorkerController SelectRecordsNonCheck
2017-12-15 06:58:51,783 [12] INFO  WorkerController 3 SelectTables
2017-12-15 06:58:53,972 [10] INFO  WorkerController SelectRecordsNonCheck
2017-12-15 06:58:55,263 [9] INFO  WorkerController SelectRecordsNonCheck
2017-12-15 07:00:22,247 [9] INFO  WorkerController 3 SelectTables
2017-12-15 07:00:43,293 [8] INFO  WorkerController 3 SelectTables
2017-12-15 07:00:53,075 [9] INFO  WorkerController 3 OpenTable
2017-12-15 07:00:53,102 [7] INFO  WorkerController 3 SelectTables
2017-12-15 07:00:59,791 [11] INFO  WorkerController 18 SelectRecords
2017-12-15 07:01:03,125 [9] INFO  WorkerController 3 SelectTables
2017-12-15 07:05:12,958 [5] INFO  WorkerController 3 SelectTables
2017-12-15 07:05:14,617 [7] INFO  WorkerController 3 OpenTable
2017-12-15 07:05:14,636 [6] INFO  WorkerController 3 SelectTables
2017-12-15 07:05:15,566 [8] INFO  WorkerController 3 OpenTable
2017-12-15 07:05:15,578 [7] INFO  WorkerController 3 SelectTables
2017-12-15 07:05:16,141 [8] INFO  WorkerController 3 OpenTable
2017-12-15 07:05:16,159 [7] INFO  WorkerController 3 SelectTables
2017-12-15 07:05:32,832 [8] INFO  WorkerController 17 SelectRecords
2017-12-15 07:05:34,590 [11] INFO  WorkerController 18 SelectRecords
2017-12-15 07:05:40,500 [11] INFO  WorkerController 3 SelectTables
2017-12-15 07:05:41,704 [8] INFO  WorkerController 18 SelectRecords
2017-12-15 07:05:46,531 [11] INFO  WorkerController 3 SelectTables
2017-12-15 07:05:49,837 [7] INFO  WorkerController 18 CloseTable
2017-12-15 07:08:44,932 [12] INFO  WorkerController 3 SelectTables
2017-12-15 07:08:52,624 [12] INFO  WorkerController 3 OpenTable
2017-12-15 07:08:52,644 [10] INFO  WorkerController 3 SelectTables
2017-12-15 07:08:54,363 [8] INFO  WorkerController 3 OpenTable
2017-12-15 07:08:54,388 [7] INFO  WorkerController 3 SelectTables
2017-12-15 07:08:54,695 [8] INFO  WorkerController 3 OpenTable
2017-12-15 07:08:54,710 [10] INFO  WorkerController 3 SelectTables
2017-12-15 07:08:54,902 [11] INFO  WorkerController 3 OpenTable
2017-12-15 07:08:54,915 [10] INFO  WorkerController 3 SelectTables
2017-12-15 07:08:55,109 [11] INFO  WorkerController 3 OpenTable
2017-12-15 07:08:55,143 [10] INFO  WorkerController 3 SelectTables
2017-12-15 07:08:55,455 [11] INFO  WorkerController 3 OpenTable
2017-12-15 07:08:55,466 [10] INFO  WorkerController 3 SelectTables
2017-12-15 07:09:27,295 [12] INFO  WorkerController 4 SelectTables
2017-12-15 07:09:28,391 [12] INFO  WorkerController 16 SelectRecords
2017-12-15 07:09:29,544 [7] INFO  WorkerController 16 CreateRecord
2017-12-15 07:09:30,821 [10] INFO  WorkerController CRC 16 0  
2017-12-15 07:09:30,822 [10] INFO  WorkerDAO CR 16 0  root
2017-12-15 07:09:30,859 [8] INFO  WorkerController 16 SelectRecords
2017-12-15 07:09:31,548 [10] INFO  WorkerController 16 CreateRecord
2017-12-15 07:09:32,183 [10] INFO  WorkerController CRC 16 0  
2017-12-15 07:09:32,184 [10] INFO  WorkerDAO CR 16 0  root
2017-12-15 07:09:32,195 [7] INFO  WorkerController 16 SelectRecords
2017-12-15 07:09:32,738 [12] INFO  WorkerController 16 CreateRecord
2017-12-15 07:09:33,359 [12] INFO  WorkerController CRC 16 0  
2017-12-15 07:09:33,359 [12] INFO  WorkerDAO CR 16 0  root
2017-12-15 07:09:33,376 [8] INFO  WorkerController 16 SelectRecords
2017-12-15 07:09:33,961 [7] INFO  WorkerController 16 CreateRecord
2017-12-15 07:09:34,542 [12] INFO  WorkerController CRC 16 0  
2017-12-15 07:09:34,542 [12] INFO  WorkerDAO CR 16 0  root
2017-12-15 07:09:34,556 [8] INFO  WorkerController 16 SelectRecords
2017-12-15 07:09:35,017 [12] INFO  WorkerController 16 CreateRecord
2017-12-15 07:09:35,571 [10] INFO  WorkerController CRC 16 0  
2017-12-15 07:09:35,571 [10] INFO  WorkerDAO CR 16 0  root
2017-12-15 07:09:35,581 [12] INFO  WorkerController 16 SelectRecords
2017-12-15 07:09:36,346 [10] INFO  WorkerController 16 CreateRecord
2017-12-15 07:09:36,980 [10] INFO  WorkerController CRC 16 0  
2017-12-15 07:09:36,980 [10] INFO  WorkerDAO CR 16 0  root
2017-12-15 07:09:36,993 [8] INFO  WorkerController 16 SelectRecords
2017-12-15 07:09:37,526 [7] INFO  WorkerController 16 CreateRecord
2017-12-15 07:09:38,079 [8] INFO  WorkerController CRC 16 0  
2017-12-15 07:09:38,079 [8] INFO  WorkerDAO CR 16 0  root
2017-12-15 07:09:38,092 [12] INFO  WorkerController 16 SelectRecords
2017-12-15 07:09:38,681 [10] INFO  WorkerController 16 CreateRecord
2017-12-15 07:09:39,277 [8] INFO  WorkerController CRC 16 0  
2017-12-15 07:09:39,277 [8] INFO  WorkerDAO CR 16 0  root
2017-12-15 07:09:39,291 [10] INFO  WorkerController 16 SelectRecords
2017-12-15 07:09:39,932 [10] INFO  WorkerController 16 CreateRecord
2017-12-15 07:09:40,486 [8] INFO  WorkerController CRC 16 0  
2017-12-15 07:09:40,486 [8] INFO  WorkerDAO CR 16 0  root
2017-12-15 07:09:40,498 [12] INFO  WorkerController 16 SelectRecords
2017-12-15 07:09:40,999 [8] INFO  WorkerController 16 CreateRecord
2017-12-15 07:09:41,546 [12] INFO  WorkerController CRC 16 0  
2017-12-15 07:09:41,547 [12] INFO  WorkerDAO CR 16 0  root
2017-12-15 07:09:41,560 [8] INFO  WorkerController 16 SelectRecords
2017-12-15 07:09:45,039 [11] INFO  WorkerController SelectRecordsNonCheck
2017-12-15 07:09:46,172 [12] INFO  WorkerController SetCheckRecord
2017-12-15 07:09:46,184 [8] INFO  WorkerController SelectRecordsNonCheck
2017-12-15 07:09:46,735 [11] INFO  WorkerController SetCheckRecord
2017-12-15 07:09:46,747 [8] INFO  WorkerController SelectRecordsNonCheck
2017-12-15 07:09:47,058 [12] INFO  WorkerController SetCheckRecord
2017-12-15 07:09:47,074 [11] INFO  WorkerController SelectRecordsNonCheck
2017-12-15 07:09:47,516 [8] INFO  WorkerController SetCheckRecord
2017-12-15 07:09:47,534 [11] INFO  WorkerController SelectRecordsNonCheck
2017-12-15 07:09:47,810 [12] INFO  WorkerController SetCheckRecord
2017-12-15 07:09:47,820 [8] INFO  WorkerController SelectRecordsNonCheck
2017-12-15 07:09:48,084 [11] INFO  WorkerController SetCheckRecord
2017-12-15 07:09:48,101 [12] INFO  WorkerController SelectRecordsNonCheck
2017-12-15 07:09:48,430 [8] INFO  WorkerController SetCheckRecord
2017-12-15 07:09:48,487 [10] INFO  WorkerController SelectRecordsNonCheck
2017-12-15 07:09:48,778 [11] INFO  WorkerController SetCheckRecord
2017-12-15 07:09:48,788 [10] INFO  WorkerController SelectRecordsNonCheck
2017-12-15 07:09:49,378 [12] INFO  WorkerController SetCheckRecord
2017-12-15 07:09:49,388 [11] INFO  WorkerController SelectRecordsNonCheck
2017-12-15 07:09:49,958 [12] INFO  WorkerController SetCheckRecord
2017-12-15 07:09:49,968 [10] INFO  WorkerController SelectRecordsNonCheck
2017-12-15 07:09:53,785 [11] INFO  WorkerController 4 SelectTables
2017-12-15 07:09:54,880 [11] INFO  WorkerController 16 SelectRecords
2017-12-15 07:09:56,501 [10] INFO  WorkerController 16 CreateRecord
2017-12-15 07:09:59,245 [10] INFO  WorkerController 4 SelectTables
2017-12-15 07:10:02,437 [10] INFO  WorkerController 16 SelectRecords
2017-12-15 07:10:03,600 [11] INFO  WorkerController 16 CreateRecord
2017-12-15 07:10:04,810 [12] INFO  WorkerController CRC 16 0  
2017-12-15 07:10:04,810 [12] INFO  WorkerDAO CR 16 0  root
2017-12-15 07:10:04,822 [10] INFO  WorkerController 16 SelectRecords
2017-12-15 07:10:05,820 [12] INFO  WorkerController 16 CreateRecord
2017-12-15 07:10:06,930 [12] INFO  WorkerController CRC 16 0  
2017-12-15 07:10:06,930 [12] INFO  WorkerDAO CR 16 0  root
2017-12-15 07:10:06,941 [11] INFO  WorkerController 16 SelectRecords
2017-12-15 07:10:07,801 [10] INFO  WorkerController 16 CreateRecord
2017-12-15 07:10:08,678 [11] INFO  WorkerController CRC 16 0  
2017-12-15 07:10:08,678 [11] INFO  WorkerDAO CR 16 0  root
2017-12-15 07:10:08,692 [12] INFO  WorkerController 16 SelectRecords
2017-12-15 07:10:09,493 [7] INFO  WorkerController 16 CreateRecord
2017-12-15 07:10:10,503 [11] INFO  WorkerController CRC 16 0  
2017-12-15 07:10:10,503 [11] INFO  WorkerDAO CR 16 0  root
2017-12-15 07:10:10,514 [7] INFO  WorkerController 16 SelectRecords
2017-12-15 07:10:11,338 [11] INFO  WorkerController 16 CreateRecord
2017-12-15 07:10:12,213 [11] INFO  WorkerController CRC 16 0  
2017-12-15 07:10:12,213 [11] INFO  WorkerDAO CR 16 0  root
2017-12-15 07:10:12,226 [10] INFO  WorkerController 16 SelectRecords
2017-12-15 07:10:12,961 [10] INFO  WorkerController 16 CreateRecord
2017-12-15 07:10:13,784 [10] INFO  WorkerController CRC 16 0  
2017-12-15 07:10:13,784 [10] INFO  WorkerDAO CR 16 0  root
2017-12-15 07:10:13,804 [11] INFO  WorkerController 16 SelectRecords
2017-12-15 07:10:14,801 [12] INFO  WorkerController 16 CreateRecord
2017-12-15 07:10:15,629 [12] INFO  WorkerController CRC 16 0  
2017-12-15 07:10:15,629 [12] INFO  WorkerDAO CR 16 0  root
2017-12-15 07:10:15,641 [11] INFO  WorkerController 16 SelectRecords
2017-12-15 07:10:16,415 [11] INFO  WorkerController 16 CreateRecord
2017-12-15 07:10:17,280 [12] INFO  WorkerController CRC 16 0  
2017-12-15 07:10:17,280 [12] INFO  WorkerDAO CR 16 0  root
2017-12-15 07:10:17,295 [11] INFO  WorkerController 16 SelectRecords
2017-12-15 07:10:18,429 [11] INFO  WorkerController 16 CreateRecord
2017-12-15 07:10:19,240 [11] INFO  WorkerController CRC 16 0  
2017-12-15 07:10:19,240 [11] INFO  WorkerDAO CR 16 0  root
2017-12-15 07:10:19,250 [12] INFO  WorkerController 16 SelectRecords
2017-12-15 07:10:22,800 [20] INFO  WorkerController SelectRecordsNonCheck
2017-12-15 07:10:23,897 [13] INFO  WorkerController SetCheckRecord
2017-12-15 07:10:23,908 [19] INFO  WorkerController SelectRecordsNonCheck
2017-12-15 07:10:24,111 [12] INFO  WorkerController SetCheckRecord
2017-12-15 07:10:24,122 [18] INFO  WorkerController SelectRecordsNonCheck
2017-12-15 07:10:24,340 [20] INFO  WorkerController SetCheckRecord
2017-12-15 07:10:24,437 [16] INFO  WorkerController SetCheckRecord
2017-12-15 07:10:24,511 [19] INFO  WorkerController SelectRecordsNonCheck
2017-12-15 07:10:24,541 [11] INFO  WorkerController SetCheckRecord
2017-12-15 07:10:24,554 [18] INFO  WorkerController SelectRecordsNonCheck
2017-12-15 07:10:24,761 [19] INFO  WorkerController SetCheckRecord
2017-12-15 07:10:24,785 [18] INFO  WorkerController SelectRecordsNonCheck
2017-12-15 07:10:24,992 [20] INFO  WorkerController SetCheckRecord
2017-12-15 07:10:25,003 [21] INFO  WorkerController SelectRecordsNonCheck
2017-12-15 07:10:25,197 [16] INFO  WorkerController SetCheckRecord
2017-12-15 07:10:25,222 [12] INFO  WorkerController SelectRecordsNonCheck
2017-12-15 07:10:25,483 [19] INFO  WorkerController SetCheckRecord
2017-12-15 07:10:25,493 [14] INFO  WorkerController SelectRecordsNonCheck
2017-12-15 07:10:25,699 [12] INFO  WorkerController SetCheckRecord
2017-12-15 07:10:25,709 [11] INFO  WorkerController SelectRecordsNonCheck
2017-12-15 07:10:25,950 [20] INFO  WorkerController SetCheckRecord
2017-12-15 07:10:25,960 [18] INFO  WorkerController SelectRecordsNonCheck
2017-12-15 07:10:30,156 [16] INFO  WorkerController 4 SelectTables
2017-12-15 07:10:31,565 [20] INFO  WorkerController 16 SelectRecords
2017-12-15 07:10:32,883 [16] INFO  WorkerController 16 SelectRecords
2017-12-15 07:10:34,207 [20] INFO  WorkerController 16 SelectRecords
2017-12-15 07:13:03,089 [7] INFO  WorkerController 2 SelectTables
2017-12-15 07:13:04,684 [10] INFO  WorkerController 2 OpenTable
2017-12-15 07:13:04,703 [8] INFO  WorkerController 2 SelectTables
2017-12-15 07:13:05,863 [9] INFO  WorkerController 31 CloseTable
2017-12-15 07:16:40,809 [9] INFO  WorkerController 31 2 CloseTable
2017-12-15 07:16:44,891 [7] INFO  WorkerController 31 2 CloseTable
2017-12-15 07:17:03,064 [8] INFO  WorkerController 4 SelectTables
2017-12-15 07:17:09,150 [7] INFO  WorkerController 16 4 CloseTable
2017-12-15 07:20:00,630 [9] INFO  WorkerController 16 4 CloseTable
2017-12-15 07:20:04,448 [7] INFO  WorkerController 16 SelectRecords
2017-12-15 07:20:10,122 [10] INFO  WorkerController 3 SelectTables
2017-12-15 07:20:12,579 [8] INFO  WorkerController 2 SelectTables
2017-12-15 07:20:15,419 [8] INFO  WorkerController 1 SelectTables
2017-12-15 07:20:16,755 [8] INFO  WorkerController 4 SelectTables
2017-12-15 07:20:19,020 [9] INFO  WorkerController 2 SelectTables
2017-12-15 07:20:20,186 [10] INFO  WorkerController 2 OpenTable
2017-12-15 07:20:20,199 [9] INFO  WorkerController 2 SelectTables
2017-12-15 07:20:21,788 [10] INFO  WorkerController 32 2 CloseTable
2017-12-15 07:21:07,631 [7] INFO  WorkerController SelectRecordsNonCheck
2017-12-15 07:21:12,334 [8] INFO  WorkerController 3 SelectTables
2017-12-15 07:22:36,153 [9] INFO  WorkerController 3 SelectTables
2017-12-15 07:22:41,617 [11] INFO  WorkerController 3 SelectTables
2017-12-15 07:22:44,787 [8] INFO  WorkerController 26 3 CloseTable
2017-12-15 07:22:51,601 [11] INFO  WorkerController 3 SelectTables
2017-12-15 07:22:53,024 [9] INFO  WorkerController 3 SelectTables
2017-12-15 07:23:49,527 [8] INFO  WorkerController 3 SelectTables
2017-12-15 07:23:54,068 [9] INFO  WorkerController SelectRecordsNonCheck
2017-12-15 07:23:56,828 [9] INFO  WorkerController 3 SelectTables
2017-12-15 07:23:58,649 [7] INFO  WorkerController 3 SelectTables
2017-12-15 07:24:00,579 [7] INFO  WorkerController 26 SelectRecords
2017-12-15 07:24:04,496 [10] INFO  WorkerController 3 SelectTables
2017-12-15 07:24:06,167 [9] INFO  WorkerController 3 SelectTables
2017-12-15 07:24:07,239 [9] INFO  WorkerController 23 SelectRecords
2017-12-15 07:24:10,549 [9] INFO  WorkerController 3 SelectTables
2017-12-15 07:24:12,383 [10] INFO  WorkerController 3 SelectTables
2017-12-15 07:24:13,501 [10] INFO  WorkerController 23 SelectRecords
2017-12-15 07:24:14,604 [9] INFO  WorkerController 23 CreateRecord
2017-12-15 07:24:17,864 [10] INFO  WorkerController 3 SelectTables
2017-12-15 07:24:19,866 [7] INFO  WorkerController 3 SelectTables
2017-12-15 07:24:21,128 [8] INFO  WorkerController 25 3 CloseTable
2017-12-15 07:25:13,370 [8] INFO  WorkerController 25 3 CloseTable
2017-12-15 07:25:13,580 [8] INFO  WorkerController 3 SelectTables
2017-12-15 07:25:16,670 [8] INFO  WorkerController 3 SelectTables
2017-12-15 07:25:17,583 [10] INFO  WorkerController 24 3 CloseTable
2017-12-15 07:25:17,594 [8] INFO  WorkerController 3 SelectTables
2017-12-15 08:05:35,114 [20] INFO  WorkerController 3 SelectTables
2017-12-15 08:05:40,165 [17] INFO  WorkerController 3 SelectTables
2017-12-15 08:05:42,237 [17] INFO  WorkerController 3 SelectTables
2017-12-15 08:06:58,778 [23] INFO  WorkerController 22 SelectRecords
2017-12-15 08:07:02,730 [22] INFO  WorkerController 4 SelectTables
2017-12-15 08:07:04,328 [24] INFO  WorkerController 16 SelectRecords
2017-12-15 08:07:07,414 [24] INFO  WorkerController 1 SelectTables
2017-12-15 08:07:08,490 [24] INFO  WorkerController 1 SelectRecords
2017-12-15 08:07:12,543 [17] INFO  WorkerController 4 SelectRecords
2017-12-15 08:07:15,096 [25] INFO  WorkerController 4 CreateRecord
2017-12-15 08:07:20,795 [17] INFO  WorkerController CRC 567 0 xz 
2017-12-15 08:07:20,796 [17] INFO  WorkerDAO CR 567 0 xz Manager
2017-12-15 08:07:20,842 [24] INFO  WorkerController 567 SelectRecords
2017-12-15 08:07:21,719 [25] INFO  WorkerController 567 CreateRecord
2017-12-15 08:07:35,646 [24] INFO  WorkerController SelectRecordsNonCheck
2017-12-15 08:07:42,141 [29] INFO  WorkerController 1 SelectTables
2017-12-15 08:07:43,510 [22] INFO  WorkerController 4 SelectRecords
2017-12-15 08:07:45,692 [28] INFO  WorkerController 4 CreateRecord
2017-12-15 08:07:50,253 [24] INFO  WorkerController CRC 4 123 sdf 
2017-12-15 08:07:50,253 [24] INFO  WorkerDAO CR 4 123 sdf Manager
2017-12-15 08:07:50,315 [26] INFO  WorkerController 4 SelectRecords
2017-12-15 08:07:51,552 [17] INFO  WorkerController 4 CreateRecord
2017-12-15 08:07:57,921 [28] INFO  WorkerController CRC 4 324 dsfds 
2017-12-15 08:07:57,921 [28] INFO  WorkerDAO CR 4 324 dsfds Manager
2017-12-15 08:07:57,937 [27] INFO  WorkerController 4 SelectRecords
2017-12-15 08:08:03,581 [30] INFO  WorkerController SelectRecordsNonCheck
2017-12-15 08:12:42,749 [45] INFO  WorkerController SelectRecordsNonCheck
2017-12-15 08:12:45,689 [43] INFO  WorkerController 3 SelectTables
2017-12-15 08:12:47,818 [17] INFO  WorkerController 17 SelectRecords
2017-12-15 08:12:49,852 [42] INFO  WorkerController 3 SelectTables
2017-12-15 08:12:50,892 [45] INFO  WorkerController 6 SelectRecords
2017-12-15 08:12:53,414 [42] INFO  WorkerController 6 SelectRecords
2017-12-15 08:13:55,032 [43] INFO  WorkerController 3 SelectTables
2017-12-15 08:16:01,655 [49] INFO  TechnologistController  0
2017-12-15 08:16:05,406 [52] INFO  TechnologistController  0
2017-12-15 08:16:12,397 [45] INFO  TechnologistController CreateCalculatePost 2 200
2017-12-15 10:22:13,592 [10] INFO  WorkerController 1 SelectTables
2017-12-15 10:22:23,274 [10] INFO  WorkerController 1 OpenTable
2017-12-15 10:22:23,292 [7] INFO  WorkerController 1 SelectTables
2017-12-15 10:22:27,090 [9] INFO  WorkerController 3 SelectTables
2017-12-15 10:22:29,168 [7] INFO  WorkerController 3 SelectTables
2017-12-15 10:22:31,154 [11] INFO  WorkerController 3 SelectTables
2017-12-15 10:22:33,139 [11] INFO  WorkerController 3 SelectTables
2017-12-15 10:22:36,425 [10] INFO  WorkerController 3 SelectTables
2017-12-15 10:22:38,486 [10] INFO  WorkerController 3 SelectTables
2017-12-15 10:22:52,393 [8] INFO  TechnologistController  0
2017-12-15 10:22:59,468 [8] INFO  TechnologistController CreateCalculatePost 3 5
2017-12-15 10:23:09,874 [9] INFO  WorkerController SelectRecordsNonCheck
2017-12-15 10:59:13,912 [15] INFO  WorkerController 2 SelectTables
2017-12-15 10:59:19,771 [10] INFO  WorkerController 3 SelectTables
2017-12-15 10:59:23,404 [16] INFO  WorkerController 3 SelectTables
2017-12-15 10:59:26,146 [13] INFO  WorkerController 3 SelectTables
2017-12-15 10:59:34,232 [7] INFO  WorkerController 10 SelectRecords
2017-12-15 10:59:39,843 [7] INFO  WorkerController 3 SelectTables
2017-12-15 10:59:41,246 [12] INFO  WorkerController 3 SelectTables
2017-12-15 10:59:45,161 [10] INFO  WorkerController 3 SelectTables
2017-12-15 10:59:49,124 [15] INFO  WorkerController 19 SelectRecords
2017-12-15 10:59:53,398 [13] INFO  WorkerController 3 SelectTables
2017-12-15 10:59:54,849 [8] INFO  WorkerController 10 SelectRecords
2017-12-15 10:59:58,330 [7] INFO  WorkerController 3 SelectTables
2017-12-15 11:00:00,988 [13] INFO  WorkerController 3 SelectTables
2017-12-15 11:00:04,548 [12] INFO  WorkerController 21 SelectRecords
2017-12-15 11:00:05,935 [12] INFO  WorkerController 21 CreateRecord
2017-12-15 11:02:50,382 [13] INFO  WorkerController CRC 21 200  
2017-12-15 11:02:50,383 [13] INFO  WorkerDAO CR 21 200  Accountant
2017-12-15 11:02:50,414 [8] INFO  WorkerController 21 SelectRecords
2017-12-15 11:03:10,616 [22] INFO  WorkerController SelectRecordsNonCheck
2017-12-15 11:03:22,467 [7] INFO  WorkerController SetCheckRecord
2017-12-15 11:03:22,498 [21] INFO  WorkerController SelectRecordsNonCheck
2017-12-15 11:03:32,466 [21] INFO  WorkerController 3 SelectTables
2017-12-15 11:03:35,098 [21] INFO  WorkerController 3 SelectTables
2017-12-15 11:03:41,007 [20] INFO  WorkerController 23 3 CloseTable
2017-12-15 11:03:41,022 [8] INFO  WorkerController 3 SelectTables
2017-12-15 11:03:43,861 [8] INFO  WorkerController 3 SelectTables
2017-12-15 11:04:05,593 [21] INFO  WorkerController 21 SelectRecords
2017-12-15 11:04:15,650 [21] INFO  WorkerController 3 SelectTables
2017-12-15 11:04:22,035 [23] INFO  WorkerController 3 OpenTable
2017-12-15 11:04:22,065 [8] INFO  WorkerController 3 SelectTables
2017-12-15 11:04:25,111 [8] INFO  WorkerController 3 SelectTables
2017-12-15 11:04:33,736 [23] INFO  WorkerController 34 SelectRecords
2017-12-15 11:05:57,903 [25] INFO  TechnologistController  0
2017-12-15 11:06:21,575 [13] INFO  TechnologistController CreateCalculatePost 2 100
2017-12-15 11:07:28,951 [26] INFO  TechnologistController  0
2017-12-15 11:07:38,262 [25] INFO  TechnologistController CreateCalculatePost 1 1
2017-12-15 11:07:46,056 [20] INFO  TechnologistController  0
2017-12-15 19:55:18,559 [13] INFO  WorkerController 3 SelectTables
2017-12-15 19:55:21,354 [13] INFO  WorkerController 3 SelectTables
2017-12-15 19:55:23,488 [5] INFO  WorkerController 3 SelectTables
2017-12-15 19:55:25,290 [13] INFO  WorkerController 3 SelectTables
2017-12-15 19:55:26,746 [5] INFO  WorkerController 22 SelectRecords
2017-12-15 19:55:28,227 [5] INFO  WorkerController 22 CreateRecord
2017-12-15 19:55:29,582 [5] INFO  WorkerController CRC 22 0  
2017-12-15 19:55:29,582 [5] INFO  WorkerDAO CR 22 0  root
2017-12-15 19:55:29,593 [13] INFO  WorkerController 22 SelectRecords
2017-12-15 19:55:34,331 [13] INFO  WorkerController SelectRecordsNonCheck
2017-12-15 19:55:43,607 [8] INFO  WorkerController SetCheckRecord
2017-12-15 19:55:43,630 [13] INFO  WorkerController SelectRecordsNonCheck
2017-12-15 19:55:46,869 [13] INFO  WorkerController 3 SelectTables
2017-12-15 19:55:49,645 [16] INFO  WorkerController 3 SelectTables
2017-12-15 19:55:50,999 [15] INFO  WorkerController 22 SelectRecords
2017-12-15 19:56:13,153 [15] INFO  TechnologistController  0
2017-12-15 19:56:25,985 [5] INFO  TechnologistController CreateCalculatePost 2 100
2017-12-17 20:38:08,550 [12] INFO  WorkerController 3 SelectTables
2017-12-17 20:38:10,163 [12] INFO  WorkerController 3 SelectTables
2017-12-17 20:38:11,476 [7] INFO  WorkerController 3 SelectTables
2017-12-17 20:38:14,317 [7] INFO  WorkerController 3 SelectTables
2017-12-17 20:38:15,918 [11] INFO  WorkerController 34 SelectRecords
2017-12-17 20:39:35,166 [8] INFO  WorkerController 3 SelectTables
2017-12-17 20:39:37,007 [8] INFO  WorkerController 3 SelectTables
2017-12-17 20:39:38,256 [9] INFO  WorkerController 22 SelectRecords
2017-12-17 20:39:40,557 [9] INFO  WorkerController 22 CreateRecord
2017-12-17 20:40:20,969 [8] INFO  WorkerController 22 CreateRecord
2017-12-17 20:40:45,853 [9] INFO  WorkerController 22 CreateRecord
2017-12-17 20:41:48,846 [8] INFO  WorkerController 22 CreateRecord
2017-12-17 20:42:06,485 [10] INFO  WorkerController CRC 0 0  
2017-12-17 20:42:06,486 [10] INFO  WorkerDAO CR 0 0  root
2017-12-17 20:42:06,645 [8] INFO  WorkerController 0 SelectRecords
2017-12-17 20:42:10,284 [10] INFO  WorkerController SelectRecordsNonCheck
2017-12-17 20:43:20,727 [8] INFO  WorkerController 3 SelectTables
2017-12-17 20:43:27,739 [9] INFO  WorkerController 3 SelectTables
2017-12-17 20:43:28,942 [10] INFO  WorkerController 22 SelectRecords
2017-12-17 20:43:30,011 [8] INFO  WorkerController 22 CreateRecord
2017-12-17 20:43:44,151 [5] INFO  WorkerController 22 CreateRecord
2017-12-17 20:43:53,073 [9] INFO  WorkerController 22 CreateRecord
2017-12-17 20:44:13,563 [8] INFO  WorkerController CRC 22 0  
2017-12-17 20:44:13,564 [8] INFO  WorkerDAO CR 22 0  root
2017-12-17 20:44:13,745 [9] INFO  WorkerController 22 SelectRecords
2017-12-17 20:44:17,676 [8] INFO  WorkerController SelectRecordsNonCheck
2017-12-17 20:54:13,722 [9] INFO  WorkerController 3 SelectTables
2017-12-17 20:54:17,413 [10] INFO  WorkerController 22 SelectRecords
2017-12-17 20:54:19,236 [9] INFO  WorkerController 22 CreateRecord
2017-12-17 20:54:25,821 [8] INFO  WorkerController CRC 0 0  
2017-12-17 20:54:25,821 [8] INFO  WorkerDAO CR 0 0  root
2017-12-17 20:54:25,859 [11] INFO  WorkerController 0 SelectRecords
2017-12-17 20:54:29,625 [11] INFO  WorkerController SelectRecordsNonCheck
2017-12-17 20:54:37,487 [11] INFO  WorkerController SetCheckRecord
2017-12-17 20:54:37,520 [9] INFO  WorkerController SelectRecordsNonCheck
2017-12-17 20:54:44,624 [11] INFO  WorkerController 0 CreateRecord
2017-12-17 20:54:45,899 [10] INFO  WorkerController CRC 0 0  
2017-12-17 20:54:45,899 [10] INFO  WorkerDAO CR 0 0  root
2017-12-17 20:54:45,918 [8] INFO  WorkerController 0 SelectRecords
2017-12-17 20:54:48,438 [9] INFO  WorkerController SelectRecordsNonCheck
2017-12-17 21:14:59,958 [9] INFO  WorkerController 3 SelectTables
2017-12-17 21:15:52,762 [8] INFO  WorkerController 3 SelectTables
2017-12-17 21:37:19,910 [8] INFO  WorkerController 3 SelectTables
2017-12-18 00:13:57,699 [13] INFO  WorkerController 3 SelectTables
2017-12-18 00:14:03,292 [13] INFO  WorkerController 3 SelectTables
2017-12-18 00:14:05,094 [6] INFO  WorkerController 3 SelectTables
2017-12-18 00:17:09,686 [15] INFO  WorkerController 34 SelectRecords
2017-12-18 00:27:29,957 [7] INFO  WorkerController 30 SelectRecords
2017-12-18 00:27:35,588 [8] INFO  WorkerController 0 SelectTables
2017-12-18 00:29:14,644 [8] INFO  WorkerController 3 SelectTables
2017-12-18 00:29:16,603 [9] INFO  WorkerController 3 SelectTables
2017-12-18 00:29:17,756 [8] INFO  WorkerController 22 SelectRecords
2017-12-18 00:29:20,964 [10] INFO  WorkerController 0 SelectTables
2017-12-18 00:37:44,213 [10] INFO  WorkerController 3 SelectTables
2017-12-18 00:37:48,831 [11] INFO  WorkerController 3 SelectTables
2017-12-18 00:37:50,149 [10] INFO  WorkerController 0 SelectRecords
2017-12-18 00:37:51,655 [9] INFO  WorkerController 0 SelectTables
2017-12-18 00:39:01,894 [6] INFO  WorkerController 3 SelectTables
2017-12-18 00:39:01,904 [6] INFO  WorkerController 3 2SelectTables
2017-12-18 00:39:06,609 [7] INFO  WorkerController 3 SelectTables
2017-12-18 00:39:06,609 [7] INFO  WorkerController 3 2SelectTables
2017-12-18 00:39:08,453 [8] INFO  WorkerController 0 SelectRecords
2017-12-18 00:39:09,775 [8] INFO  WorkerController 0 SelectTables
2017-12-18 00:39:09,775 [8] INFO  WorkerController 0 2SelectTables
2017-12-18 00:43:59,037 [10] INFO  WorkerController 3 SelectTables
2017-12-18 00:43:59,047 [10] INFO  WorkerController 3 2SelectTables
2017-12-18 00:44:00,876 [11] INFO  WorkerController 3 SelectTables
2017-12-18 00:44:00,876 [11] INFO  WorkerController 3 2SelectTables
2017-12-18 00:44:02,436 [11] INFO  WorkerController 0 SelectRecords
2017-12-18 00:44:05,107 [12] INFO  WorkerController 0 SelectTables
2017-12-18 00:44:05,108 [12] INFO  WorkerController 0 2SelectTables
2017-12-18 00:45:14,922 [8] INFO  WorkerController 3 SelectTables
2017-12-18 00:45:14,933 [8] INFO  WorkerController 3 2SelectTables
2017-12-18 00:45:17,785 [7] INFO  WorkerController 3 SelectTables
2017-12-18 00:45:17,786 [7] INFO  WorkerController 3 2SelectTables
2017-12-18 00:45:19,094 [7] INFO  WorkerController 0 SelectRecords
2017-12-18 00:45:24,162 [10] INFO  WorkerController 0 SelectTables
2017-12-18 00:45:24,162 [10] INFO  WorkerController 0 2SelectTables
2017-12-18 00:46:10,967 [8] INFO  WorkerController 3 SelectTables
2017-12-18 00:46:10,977 [8] INFO  WorkerController 3 2SelectTables
2017-12-18 00:46:12,849 [8] INFO  WorkerController 3 SelectTables
2017-12-18 00:46:12,849 [8] INFO  WorkerController 3 2SelectTables
2017-12-18 00:46:13,881 [5] INFO  WorkerController 0 SelectRecords
2017-12-18 00:46:24,314 [8] INFO  WorkerController 0 SelectTables
2017-12-18 00:46:24,314 [8] INFO  WorkerController 0 2SelectTables
2017-12-18 00:51:39,809 [8] INFO  WorkerController 3 SelectTables
2017-12-18 00:51:39,818 [8] INFO  WorkerController 3 2SelectTables
2017-12-18 00:51:42,342 [9] INFO  WorkerController 3 SelectTables
2017-12-18 00:51:42,342 [9] INFO  WorkerController 3 2SelectTables
2017-12-18 00:51:43,755 [8] INFO  WorkerController 0 SelectRecords
2017-12-18 00:51:49,274 [9] INFO  WorkerController 0 SelectTables
2017-12-18 00:51:49,274 [9] INFO  WorkerController 0 2SelectTables
2017-12-18 00:57:57,576 [7] INFO  WorkerController 3 SelectTables
2017-12-18 00:57:59,177 [8] INFO  WorkerController 10 SelectRecords
2017-12-18 01:01:54,315 [17] INFO  WorkerController 9 SelectRecords
2017-12-18 01:01:56,743 [15] INFO  WorkerController 3 SelectTables
2017-12-18 01:01:57,810 [16] INFO  WorkerController 22 SelectRecords
2017-12-19 00:01:13,994 [8] INFO  WorkerController 3 SelectTables
2017-12-19 00:01:17,306 [5] INFO  WorkerController 11 SelectRecords
2017-12-19 00:01:18,674 [8] INFO  WorkerController 0 SelectTables
2017-12-19 00:09:18,717 [7] INFO  WorkerController 13 SelectRecords
2017-12-19 00:09:27,865 [7] INFO  WorkerController 12 SelectRecords
2017-12-19 00:09:50,415 [6] INFO  WorkerController 13 SelectRecords
2017-12-19 00:11:11,035 [10] INFO  WorkerController 3 SelectTables
2017-12-19 00:11:12,807 [7] INFO  WorkerController 11 SelectRecords
2017-12-19 01:03:11,982 [8] INFO  WorkerController 2 SelectTables
2017-12-19 01:04:05,758 [7] INFO  WorkerController 3 SelectTables
2017-12-19 01:04:21,422 [11] INFO  WorkerController 12 SelectRecords
2017-12-19 01:56:39,880 [10] INFO  WorkerController SelectRecordsNonCheck
2017-12-19 01:58:02,427 [10] INFO  WorkerController 3 SelectTables
2017-12-19 01:58:06,567 [13] INFO  WorkerController 14 SelectRecords
2017-12-19 01:58:09,493 [10] INFO  WorkerController 3 SelectTables
2017-12-19 01:58:10,445 [11] INFO  WorkerController 3 SelectTables
2017-12-19 01:58:12,456 [13] INFO  WorkerController 6 SelectRecords
2017-12-19 01:58:54,637 [7] INFO  WorkerController 6 SelectRecords
2017-12-19 01:59:01,473 [10] INFO  WorkerController 6 SelectRecords
2017-12-19 01:59:03,279 [7] INFO  WorkerController 6 SelectRecords
2017-12-19 01:59:10,081 [9] INFO  WorkerController 6 SelectRecords
2017-12-19 01:59:14,378 [8] INFO  WorkerController 6 SelectRecords
2017-12-19 01:59:15,750 [8] INFO  WorkerController 6 SelectRecords
2017-12-19 01:59:17,043 [8] INFO  WorkerController 6 SelectRecords
2017-12-19 01:59:18,250 [8] INFO  WorkerController 6 SelectRecords
2017-12-19 02:00:27,175 [8] INFO  WorkerController 6 SelectRecords
2017-12-19 02:00:33,394 [8] INFO  WorkerController 6 SelectRecords
2017-12-19 02:00:35,003 [9] INFO  WorkerController 6 SelectRecords
2017-12-19 02:24:57,079 [8] INFO  WorkerController 3 SelectTables
2017-12-19 02:24:58,794 [8] INFO  WorkerController 14 SelectRecords
2017-12-19 02:25:01,736 [7] INFO  WorkerController 3 SelectTables
2017-12-19 02:25:02,755 [6] INFO  WorkerController 6 SelectRecords
2017-12-19 02:25:04,460 [7] INFO  WorkerController 6 SelectRecords
2017-12-19 02:25:05,924 [8] INFO  WorkerController 6 SelectRecords
2017-12-19 02:25:11,398 [8] INFO  WorkerController 6 SelectRecords
2017-12-19 02:25:12,599 [8] INFO  WorkerController 6 SelectRecords
2017-12-19 02:44:15,697 [10] INFO  WorkerController 3 SelectTables
2017-12-19 02:44:18,540 [8] INFO  WorkerController 6 SelectRecords
2017-12-19 02:44:30,311 [10] INFO  WorkerController 6 SelectRecords
2017-12-19 02:44:31,884 [11] INFO  WorkerController 6 SelectRecords
2017-12-19 02:44:33,051 [8] INFO  WorkerController 6 SelectRecords
2017-12-19 02:44:34,020 [11] INFO  WorkerController 6 SelectRecords
2017-12-19 02:44:35,090 [12] INFO  WorkerController 6 SelectRecords
2017-12-19 02:44:36,146 [7] INFO  WorkerController 6 SelectRecords
2017-12-19 02:44:37,081 [7] INFO  WorkerController 6 SelectRecords
2017-12-19 02:44:38,456 [10] INFO  WorkerController 6 SelectRecords
2017-12-19 03:08:36,816 [101] INFO  WorkerController 3 SelectTables
2017-12-19 03:08:40,191 [89] INFO  WorkerController 3 SelectTables
2017-12-19 03:08:41,257 [101] INFO  WorkerController 6 SelectRecords
2017-12-20 13:21:06,717 [8] INFO  WorkerController 3 SelectTables
2017-12-20 13:21:18,630 [11] INFO  WorkerController 3 SelectTables
2017-12-20 13:21:20,112 [7] INFO  WorkerController 22 SelectRecords
2017-12-20 13:21:27,827 [8] INFO  WorkerController 3 SelectTables
2017-12-20 13:21:31,468 [7] INFO  WorkerController 6 SelectRecords
2017-12-20 13:21:33,354 [5] INFO  WorkerController 6 SelectRecords
2017-12-20 13:21:34,621 [8] INFO  WorkerController 6 SelectRecords
2017-12-20 13:21:35,533 [5] INFO  WorkerController 6 SelectRecords
2017-12-20 13:21:38,792 [7] INFO  WorkerController 6 SelectRecords
2017-12-20 13:21:39,501 [5] INFO  WorkerController 6 SelectRecords
2017-12-20 13:21:40,392 [11] INFO  WorkerController 6 SelectRecords
2017-12-20 13:21:40,980 [7] INFO  WorkerController 6 SelectRecords
2017-12-20 13:21:41,524 [11] INFO  WorkerController 6 SelectRecords
2017-12-20 13:21:42,039 [8] INFO  WorkerController 6 SelectRecords
2017-12-20 13:22:28,551 [7] INFO  WorkerController 6 SelectRecords
2017-12-20 13:22:38,297 [7] INFO  WorkerController 6 SelectRecords
2017-12-20 13:22:39,409 [7] INFO  WorkerController 6 SelectRecords
2017-12-20 13:22:40,248 [7] INFO  WorkerController 6 SelectRecords
2017-12-20 13:22:46,349 [9] INFO  WorkerController 6 SelectRecords
2017-12-20 13:22:47,954 [10] INFO  WorkerController 6 SelectRecords
2017-12-20 13:23:29,616 [7] INFO  WorkerController 6 SelectRecords
2017-12-20 13:23:58,873 [7] INFO  WorkerController 6 SelectRecords
2017-12-20 13:24:01,945 [9] INFO  WorkerController 6 SelectRecords
2017-12-20 13:24:02,752 [8] INFO  WorkerController 6 SelectRecords
2017-12-20 13:24:06,304 [10] INFO  WorkerController 6 SelectRecords
2017-12-20 13:24:07,448 [7] INFO  WorkerController 6 SelectRecords
2017-12-20 13:24:10,860 [7] INFO  WorkerController 6 SelectRecords
2017-12-20 13:24:12,071 [9] INFO  WorkerController 6 SelectRecords
2017-12-20 13:24:13,274 [7] INFO  WorkerController 6 SelectRecords
2017-12-20 13:25:08,404 [7] INFO  WorkerController 6 SelectRecords
2017-12-20 13:25:11,735 [7] INFO  WorkerController 6 SelectRecords
2017-12-20 13:25:13,860 [8] INFO  WorkerController 6 SelectRecords
2017-12-20 13:25:14,857 [7] INFO  WorkerController 6 SelectRecords
2017-12-20 13:30:42,751 [7] INFO  WorkerController 3 SelectTables
2017-12-20 13:30:48,416 [10] INFO  WorkerController 3 SelectTables
2017-12-20 13:30:49,397 [8] INFO  WorkerController 6 SelectRecords
2017-12-20 13:30:51,974 [7] INFO  WorkerController 6 SelectRecords
2017-12-20 13:30:54,535 [9] INFO  WorkerController 6 SelectRecords
2017-12-20 13:30:57,073 [7] INFO  WorkerController 6 SelectRecords
2017-12-20 13:31:04,267 [7] INFO  WorkerController 6 SelectRecords
2017-12-20 13:31:05,893 [11] INFO  WorkerController 6 SelectRecords
2017-12-20 13:31:07,243 [11] INFO  WorkerController 6 SelectRecords
2017-12-20 13:32:08,182 [7] INFO  WorkerController 6 SelectRecords
2017-12-20 13:32:15,160 [8] INFO  WorkerController 6 SelectRecords
2017-12-20 13:32:16,210 [9] INFO  WorkerController 6 SelectRecords
2017-12-20 13:32:16,991 [9] INFO  WorkerController 6 SelectRecords
2017-12-20 13:32:17,959 [7] INFO  WorkerController 6 SelectRecords
2017-12-20 13:32:18,669 [9] INFO  WorkerController 6 SelectRecords
2017-12-20 13:32:19,631 [9] INFO  WorkerController 6 SelectRecords
2017-12-20 13:33:57,358 [7] INFO  WorkerController 6 SelectRecords
2017-12-20 13:34:04,023 [9] INFO  WorkerController 6 SelectRecords
2017-12-20 13:34:07,706 [8] INFO  WorkerController 6 SelectRecords
2017-12-20 13:34:09,204 [8] INFO  WorkerController 6 SelectRecords
2017-12-20 13:34:09,748 [7] INFO  WorkerController 6 SelectRecords
2017-12-20 13:35:31,617 [8] INFO  WorkerController 6 SelectRecords
2017-12-20 13:35:39,593 [8] INFO  WorkerController 6 SelectRecords
2017-12-20 13:35:41,136 [10] INFO  WorkerController 6 SelectRecords
2017-12-20 13:35:41,921 [7] INFO  WorkerController 6 SelectRecords
2017-12-20 13:35:42,582 [9] INFO  WorkerController 6 SelectRecords
2017-12-20 13:38:48,298 [9] INFO  WorkerController 6 SelectRecords
2017-12-20 13:38:48,298 [7] INFO  WorkerController 6 SelectRecords
2017-12-20 13:54:17,566 [7] INFO  WorkerController 3 SelectTables
2017-12-20 13:54:19,032 [7] INFO  WorkerController 3 SelectTables
2017-12-20 13:54:20,349 [7] INFO  WorkerController 6 SelectRecords
2017-12-20 13:54:22,022 [7] INFO  WorkerController 6 SelectRecords
2017-12-20 13:55:24,342 [8] INFO  WorkerController 6 SelectRecords
2017-12-20 13:55:30,525 [7] INFO  WorkerController 6 SelectRecords
2017-12-20 13:55:31,620 [7] INFO  WorkerController 6 SelectRecords
2017-12-20 14:01:54,323 [7] INFO  WorkerController 6 SelectRecords
2017-12-20 14:01:56,942 [10] INFO  WorkerController 6 SelectRecords
2017-12-20 14:01:59,094 [10] INFO  WorkerController 6 SelectRecords
2017-12-20 14:03:06,855 [6] INFO  WorkerController 6 SelectRecords
2017-12-20 14:03:12,164 [7] INFO  WorkerController 6 SelectRecords
2017-12-20 14:03:13,195 [8] INFO  WorkerController 6 SelectRecords
2017-12-20 14:03:14,569 [8] INFO  WorkerController 6 SelectRecords
2017-12-20 14:03:18,768 [8] INFO  WorkerController 6 SelectRecords
2017-12-20 14:03:19,849 [8] INFO  WorkerController 6 SelectRecords
2017-12-20 14:03:23,012 [7] INFO  WorkerController 3 SelectTables
2017-12-20 14:03:29,278 [7] INFO  WorkerController 3 SelectTables
2017-12-20 14:03:30,992 [5] INFO  WorkerController 6 SelectRecords
2017-12-20 14:03:36,217 [11] INFO  WorkerController 6 SelectRecords
2017-12-20 14:03:37,554 [11] INFO  WorkerController 6 SelectRecords
2017-12-20 14:03:38,577 [6] INFO  WorkerController 6 SelectRecords
2017-12-20 14:03:49,494 [5] INFO  WorkerController 3 SelectTables
2017-12-20 14:03:52,214 [8] INFO  WorkerController 3 SelectTables
2017-12-20 14:03:53,652 [5] INFO  WorkerController 21 SelectRecords
2017-12-20 14:04:06,213 [8] INFO  WorkerController 4 SelectTables
2017-12-20 14:04:08,727 [6] INFO  WorkerController 5 SelectRecords
2017-12-20 14:04:13,570 [6] INFO  WorkerController 1 SelectTables
2017-12-20 14:04:14,791 [8] INFO  WorkerController 1 SelectRecords
2017-12-20 14:04:17,151 [6] INFO  WorkerController 3 SelectTables
2017-12-20 14:04:20,399 [7] INFO  WorkerController 3 SelectTables
2017-12-20 14:04:22,331 [8] INFO  WorkerController 22 SelectRecords
2017-12-20 14:04:24,597 [6] INFO  WorkerController 22 CreateRecord
2017-12-20 14:04:27,140 [12] INFO  WorkerController CRC 22 0  
2017-12-20 14:04:27,140 [12] INFO  WorkerDAO CR 22 0  root
2017-12-20 14:04:27,490 [8] INFO  WorkerController 22 SelectRecords
2017-12-20 14:04:33,638 [7] INFO  WorkerController SelectRecordsNonCheck
2017-12-20 14:04:35,161 [5] INFO  WorkerController SetCheckRecord
2017-12-20 14:04:35,297 [12] INFO  WorkerController SelectRecordsNonCheck
2017-12-20 14:06:38,535 [8] INFO  WorkerController 1 SelectTables
2017-12-20 14:06:40,018 [7] INFO  WorkerController 2 SelectRecords
2017-12-20 14:06:47,097 [10] INFO  WorkerController 1 SelectRecords
2017-12-20 14:06:49,918 [7] INFO  WorkerController 3 SelectTables
2017-12-20 14:06:51,235 [7] INFO  WorkerController 3 SelectTables
2017-12-20 14:06:52,431 [7] INFO  WorkerController 3 SelectTables
2017-12-20 14:06:53,605 [7] INFO  WorkerController 6 SelectRecords
2017-12-20 14:06:55,811 [10] INFO  WorkerController 6 SelectRecords
2017-12-20 14:06:56,783 [8] INFO  WorkerController 6 SelectRecords
2017-12-20 14:06:57,608 [8] INFO  WorkerController 6 SelectRecords
2017-12-20 14:06:58,331 [9] INFO  WorkerController 6 SelectRecords
2017-12-20 14:07:01,305 [11] INFO  WorkerController 6 SelectRecords
2017-12-20 14:07:02,790 [7] INFO  WorkerController 6 SelectRecords
2017-12-20 14:08:01,674 [8] INFO  WorkerController 6 SelectRecords
2017-12-20 14:08:08,954 [10] INFO  WorkerController 6 SelectRecords
2017-12-20 14:08:27,725 [7] INFO  WorkerController 6 SelectRecords
2017-12-20 14:08:33,667 [8] INFO  WorkerController 6 SelectRecords
2017-12-20 14:08:34,587 [8] INFO  WorkerController 6 SelectRecords
2017-12-20 14:08:35,492 [7] INFO  WorkerController 6 SelectRecords
2017-12-20 14:08:36,410 [7] INFO  WorkerController 6 SelectRecords
2017-12-20 14:08:37,376 [7] INFO  WorkerController 6 SelectRecords
2017-12-20 14:08:37,977 [8] INFO  WorkerController 6 SelectRecords
2017-12-20 14:08:38,691 [8] INFO  WorkerController 6 SelectRecords
2017-12-20 14:08:39,266 [8] INFO  WorkerController 6 SelectRecords
2017-12-20 20:23:47,195 [25] INFO  WorkerController 3 SelectTables
2017-12-20 20:23:55,815 [27] INFO  WorkerController 3 SelectTables
2017-12-20 20:23:56,981 [24] INFO  WorkerController 3 SelectTables
2017-12-20 20:24:40,818 [8] INFO  WorkerController 6 SelectRecords
2017-12-20 20:26:59,279 [10] INFO  WorkerController 6 SelectRecords
2017-12-20 20:27:00,265 [10] INFO  WorkerController 6 SelectRecords
2017-12-20 20:27:01,203 [13] INFO  WorkerController 6 SelectRecords
2017-12-20 20:27:01,696 [11] INFO  WorkerController 6 SelectRecords
2017-12-20 20:27:02,220 [10] INFO  WorkerController 6 SelectRecords
2017-12-20 20:40:27,966 [7] INFO  WorkerController 3 SelectTables
2017-12-20 20:40:37,896 [11] INFO  WorkerController 3 SelectTables
2017-12-20 20:41:34,192 [15] INFO  WorkerController 3 SelectTables
2017-12-20 20:42:05,031 [7] INFO  WorkerController 3 SelectTables
2017-12-20 20:42:08,951 [8] INFO  WorkerController 14 SelectRecords
2017-12-20 20:43:38,989 [7] INFO  WorkerController 3 SelectTables
2017-12-20 20:45:10,833 [6] INFO  WorkerController 3 SelectTables
2017-12-20 20:46:19,768 [11] INFO  WorkerController 14 SelectRecords
2017-12-20 20:48:05,615 [7] INFO  WorkerController 3 SelectTables
2017-12-20 20:48:12,617 [9] INFO  WorkerController 2 SelectTables
2017-12-20 20:48:17,088 [7] INFO  WorkerController 3 SelectTables
2017-12-20 20:48:18,614 [8] INFO  WorkerController 14 SelectRecords
2017-12-20 20:52:17,006 [10] INFO  WorkerController 3 SelectTables
2017-12-20 20:52:24,412 [12] INFO  WorkerController 3 SelectTables
2017-12-20 20:52:25,589 [12] INFO  WorkerController 3 SelectTables
2017-12-20 20:54:36,535 [7] INFO  WorkerController 3 SelectTables
2017-12-20 20:54:42,232 [8] INFO  WorkerController 3 SelectTables
2017-12-20 20:57:29,219 [8] INFO  WorkerController 3 SelectTables
2017-12-20 21:01:05,130 [9] INFO  WorkerController 3 SelectTables
2017-12-20 21:01:29,731 [8] INFO  WorkerController 2 SelectTables
2017-12-20 21:07:14,639 [8] INFO  WorkerController 3 SelectTables
2017-12-20 21:07:35,790 [9] INFO  WorkerController 3 SelectTables
2017-12-20 21:07:39,017 [10] INFO  WorkerController 3 SelectTables
2017-12-20 21:07:50,038 [11] INFO  WorkerController 3 SelectTables
2017-12-20 21:07:52,279 [7] INFO  WorkerController 2 SelectTables
2017-12-20 21:08:11,487 [7] INFO  WorkerController 3 SelectTables
2017-12-20 21:08:16,400 [8] INFO  WorkerController 3 SelectTables
2017-12-20 21:08:17,553 [7] INFO  WorkerController 3 SelectTables
2017-12-20 21:08:19,355 [7] INFO  WorkerController 3 SelectTables
2017-12-20 21:17:35,832 [8] INFO  WorkerController 3 SelectTables
2017-12-20 21:17:43,120 [6] INFO  WorkerController 3 SelectTables
2017-12-20 21:17:44,201 [8] INFO  WorkerController 3 SelectTables
2017-12-20 21:17:48,136 [8] INFO  WorkerController 3 OpenTable
2017-12-20 21:17:48,168 [11] INFO  WorkerController 3 SelectTables
2017-12-20 21:22:47,798 [19] INFO  WorkerController 3 SelectTables
2017-12-20 21:22:53,559 [19] INFO  WorkerController 3 SelectTables
2017-12-20 21:22:56,353 [14] INFO  WorkerController 3 SelectTables
2017-12-20 21:22:58,220 [18] INFO  WorkerController 3 SelectTables
2017-12-20 21:22:59,185 [19] INFO  WorkerController 3 SelectTables
2017-12-20 21:23:00,167 [15] INFO  WorkerController 3 SelectTables
2017-12-20 21:23:01,723 [15] INFO  WorkerController 3 SelectTables
2017-12-20 21:23:02,417 [18] INFO  WorkerController 3 SelectTables
2017-12-20 21:23:03,502 [20] INFO  WorkerController 3 SelectTables
2017-12-20 21:23:04,361 [19] INFO  WorkerController 3 SelectTables
2017-12-20 21:23:04,954 [16] INFO  WorkerController 3 SelectTables
2017-12-20 21:23:16,538 [20] INFO  WorkerController 3 SelectTables
2017-12-20 21:23:20,400 [18] INFO  WorkerController 3 SelectTables
2017-12-20 21:23:22,940 [20] INFO  WorkerController 35 SelectRecords
2017-12-20 21:24:25,993 [9] INFO  WorkerController 3 SelectTables
2017-12-20 21:24:31,956 [8] INFO  WorkerController 3 OpenTable
2017-12-20 21:24:31,984 [10] INFO  WorkerController 3 SelectTables
2017-12-20 21:27:00,645 [7] INFO  WorkerController 3 SelectTables
2017-12-20 21:27:02,332 [9] INFO  WorkerController 3 OpenTable
2017-12-20 21:27:02,356 [7] INFO  WorkerController 3 SelectTables
2017-12-20 21:27:04,012 [7] INFO  WorkerController 37 3 CloseTable
2017-12-20 21:27:04,024 [9] INFO  WorkerController 3 SelectTables
2017-12-20 21:27:05,592 [8] INFO  WorkerController 36 3 CloseTable
2017-12-20 21:27:05,604 [10] INFO  WorkerController 3 SelectTables
2017-12-20 21:27:09,530 [9] INFO  WorkerController 3 SelectTables
2017-12-20 21:27:12,940 [8] INFO  WorkerController 35 SelectRecords
2017-12-20 21:27:15,983 [10] INFO  WorkerController 3 SelectTables
2017-12-20 21:27:19,444 [8] INFO  WorkerController 3 SelectTables
2017-12-20 21:27:20,968 [11] INFO  WorkerController 6 SelectRecords
2017-12-20 21:32:04,815 [26] INFO  WorkerController 6 SelectRecords
2017-12-20 21:32:05,808 [26] INFO  WorkerController 6 SelectRecords
2017-12-20 21:32:08,780 [21] INFO  WorkerController 3 SelectTables
2017-12-20 21:32:09,914 [23] INFO  WorkerController 35 SelectRecords
2017-12-20 21:32:10,947 [22] INFO  WorkerController 35 CreateRecord
2017-12-20 21:32:13,587 [26] INFO  WorkerController CRC 35 0  
2017-12-20 21:32:13,587 [26] INFO  WorkerDAO CR 35 0  root
2017-12-20 21:32:13,600 [24] INFO  WorkerController 35 SelectRecords
2017-12-20 21:32:15,084 [22] INFO  WorkerController 35 CreateRecord
2017-12-20 21:32:15,748 [22] INFO  WorkerController CRC 35 0  
2017-12-20 21:32:15,748 [22] INFO  WorkerDAO CR 35 0  root
2017-12-20 21:32:15,762 [19] INFO  WorkerController 35 SelectRecords
2017-12-20 21:32:16,326 [22] INFO  WorkerController 35 CreateRecord
2017-12-20 21:32:16,983 [19] INFO  WorkerController CRC 35 0  
2017-12-20 21:32:16,983 [19] INFO  WorkerDAO CR 35 0  root
2017-12-20 21:32:16,993 [17] INFO  WorkerController 35 SelectRecords
2017-12-20 21:32:19,751 [15] INFO  WorkerController SelectRecordsNonCheck
2017-12-20 21:32:21,547 [15] INFO  WorkerController SetCheckRecord
2017-12-20 21:32:21,577 [25] INFO  WorkerController SelectRecordsNonCheck
2017-12-20 21:32:22,097 [24] INFO  WorkerController SetCheckRecord
2017-12-20 21:32:22,109 [18] INFO  WorkerController SelectRecordsNonCheck
2017-12-20 21:32:22,490 [15] INFO  WorkerController SetCheckRecord
2017-12-20 21:32:22,503 [24] INFO  WorkerController SelectRecordsNonCheck
2017-12-20 21:32:25,665 [26] INFO  WorkerController 3 SelectTables
2017-12-20 21:32:26,440 [22] INFO  WorkerController 35 SelectRecords
2017-12-20 21:32:38,266 [18] INFO  WorkerController 3 SelectTables
2017-12-20 21:32:41,294 [26] INFO  WorkerController 3 OpenTable
2017-12-20 21:32:41,312 [20] INFO  WorkerController 3 SelectTables
2017-12-20 21:32:44,307 [20] INFO  WorkerController 38 SelectRecords
2017-12-20 22:09:28,745 [13] INFO  WorkerController 3 SelectTables
2017-12-20 22:16:14,371 [25] INFO  WorkerController 35 SelectRecords
2017-12-20 22:16:39,491 [25] INFO  WorkerController SelectRecordsNonCheck
2017-12-20 22:25:14,536 [5] INFO  WorkerController SelectRecordsNonCheck
2017-12-20 22:25:58,897 [8] INFO  WorkerController SelectRecordsNonCheck
2017-12-20 22:26:04,941 [10] INFO  WorkerController SelectRecordsNonCheck
2017-12-20 22:26:12,959 [7] INFO  WorkerController 2 SelectTables
2017-12-20 22:26:22,957 [11] INFO  WorkerController 3 SelectTables
2017-12-20 22:26:26,210 [7] INFO  WorkerController 35 SelectRecords
2017-12-20 22:26:35,025 [10] INFO  WorkerController SelectRecordsNonCheck
2017-12-20 22:30:41,627 [7] INFO  WorkerController 3 SelectTables
2017-12-20 22:30:47,526 [11] INFO  WorkerController 3 SelectTables
2017-12-20 22:30:50,338 [9] INFO  WorkerController 3 SelectTables
2017-12-20 22:30:52,693 [8] INFO  WorkerController 35 SelectRecords
2017-12-20 22:30:54,639 [7] INFO  WorkerController 35 CreateRecord
2017-12-20 22:30:58,340 [8] INFO  WorkerController CRC 35 0 пвп 
2017-12-20 22:30:58,340 [8] INFO  WorkerDAO CR 35 0 пвп root
2017-12-20 22:30:58,374 [9] INFO  WorkerController 35 SelectRecords
2017-12-20 22:31:01,149 [9] INFO  WorkerController SelectRecordsNonCheck
2017-12-20 22:31:06,179 [9] INFO  WorkerController SetCheckRecord
2017-12-20 22:31:06,204 [11] INFO  WorkerController SelectRecordsNonCheck
2017-12-20 22:58:06,808 [11] INFO  WorkerController 3 SelectTables
2017-12-20 22:58:08,666 [10] INFO  WorkerController 3 SelectTables
2017-12-20 22:58:12,113 [11] INFO  WorkerController 3 SelectTables
2017-12-20 22:58:13,305 [10] INFO  WorkerController 3 SelectTables
2017-12-20 22:58:14,507 [10] INFO  WorkerController 3 SelectTables
2017-12-20 22:58:15,241 [7] INFO  WorkerController 3 SelectTables
2017-12-20 22:58:16,393 [10] INFO  WorkerController 3 SelectTables
2017-12-20 22:58:17,696 [7] INFO  WorkerController 3 SelectTables
2017-12-20 22:58:22,856 [11] INFO  WorkerController 3 SelectTables
2017-12-20 22:59:38,924 [7] INFO  TechnologistController  0
2017-12-20 23:02:07,316 [12] INFO  TechnologistController  0
2017-12-20 23:02:36,696 [8] INFO  TechnologistController  0
2017-12-20 23:02:46,233 [7] INFO  TechnologistController  0
2017-12-20 23:02:47,292 [10] INFO  TechnologistController CreateCalculatePost 1 0
2017-12-20 23:02:51,104 [9] INFO  TechnologistController  0
2017-12-20 23:02:52,445 [9] INFO  TechnologistController CreateCalculatePost 1 0
2017-12-20 23:03:11,039 [7] INFO  TechnologistController  0
2017-12-20 23:03:12,058 [9] INFO  TechnologistController CreateCalculatePost 1 0
2017-12-20 23:04:43,279 [11] INFO  WorkerController 1 SelectTables
2017-12-20 23:05:03,496 [8] INFO  WorkerController 33 SelectRecords
2017-12-20 23:05:40,225 [10] INFO  WorkerController 2 SelectTables
2017-12-20 23:05:44,284 [11] INFO  WorkerController 2 SelectTables
2017-12-20 23:05:45,632 [11] INFO  WorkerController 2 OpenTable
2017-12-20 23:05:45,663 [8] INFO  WorkerController 2 SelectTables
2017-12-20 23:05:48,057 [10] INFO  WorkerController 39 SelectRecords
2017-12-20 23:05:50,624 [10] INFO  WorkerController 39 CreateRecord
2017-12-20 23:05:57,462 [11] INFO  WorkerController CRC 39 645 проапр 
2017-12-20 23:05:57,462 [11] INFO  WorkerDAO CR 39 645 проапр root
2017-12-20 23:05:57,484 [9] INFO  WorkerController 39 SelectRecords
2017-12-20 23:06:00,845 [10] INFO  WorkerController SelectRecordsNonCheck
2017-12-21 00:06:37,748 [12] INFO  WorkerController 3 SelectTables
2017-12-21 00:06:39,198 [12] INFO  WorkerController 3 SelectTables
2017-12-21 00:06:40,979 [6] INFO  WorkerController 3 SelectTables
2017-12-21 00:06:42,276 [12] INFO  WorkerController 3 SelectTables
2017-12-21 00:07:01,217 [12] INFO  WorkerController 3 SelectTables
2017-12-21 01:17:04,918 [7] INFO  WorkerController SelectRecordsNonCheck
2017-12-21 01:17:15,025 [6] INFO  WorkerController SelectRecordsNonCheck
2017-12-21 01:18:03,334 [8] INFO  WorkerController SelectRecordsNonCheck
2017-12-21 01:18:09,230 [9] INFO  WorkerController SelectRecordsNonCheck
2017-12-21 02:57:20,925 [144] INFO  WorkerController SelectRecordsNonCheck
2017-12-21 22:13:14,311 [8] INFO  WorkerController 1 SelectTables
2017-12-21 22:13:16,233 [8] INFO  WorkerController 4 SelectRecords
2017-12-21 22:13:37,635 [9] INFO  WorkerController SelectRecordsNonCheck
2017-12-21 22:14:01,870 [14] INFO  TechnologistController  110
2017-12-21 22:14:03,203 [16] INFO  TechnologistController CreateCalculatePost 1 110
2017-12-21 22:14:10,335 [14] INFO  WorkerController SelectRecordsNonCheck
2017-12-21 22:14:12,333 [16] INFO  WorkerController SetCheckRecord
2017-12-21 22:14:12,358 [9] INFO  WorkerController SelectRecordsNonCheck
2017-12-21 22:14:17,211 [16] INFO  TechnologistController  110
2017-12-21 22:14:18,006 [15] INFO  TechnologistController CreateCalculatePost 1 110
2017-12-21 22:14:26,376 [16] INFO  WorkerController SelectRecordsNonCheck
2017-12-21 22:16:18,765 [7] INFO  WorkerController SelectRecordsNonCheck
2017-12-21 22:16:22,899 [10] INFO  WorkerController SelectRecordsNonCheck
2017-12-21 22:17:24,215 [11] INFO  TechnologistController  110
2017-12-21 22:17:25,606 [9] INFO  TechnologistController CreateCalculatePost 1 110
2017-12-21 22:17:32,675 [7] INFO  WorkerController SelectRecordsNonCheck
2017-12-21 22:17:37,868 [10] INFO  WorkerController SetCheckRecord
2017-12-21 22:17:37,882 [9] INFO  WorkerController SelectRecordsNonCheck
2017-12-21 22:17:43,805 [10] INFO  TechnologistController  117
2017-12-21 22:17:44,933 [10] INFO  TechnologistController CreateCalculatePost 1 117
2017-12-21 22:19:43,563 [7] INFO  WorkerController SelectRecordsNonCheck
2017-12-21 22:20:03,784 [10] INFO  WorkerController 1 SelectTables
2017-12-21 22:20:05,733 [7] INFO  WorkerController 4 SelectRecords
2017-12-21 22:20:54,611 [11] INFO  WorkerController 2 SelectTables
2017-12-21 22:20:56,772 [9] INFO  WorkerController 7 SelectRecords
2017-12-21 22:21:26,997 [9] INFO  WorkerController 1 SelectTables
2017-12-21 22:21:28,710 [11] INFO  WorkerController 2 SelectRecords
2017-12-21 22:21:31,372 [7] INFO  WorkerController 2 SelectTables
2017-12-21 22:21:32,246 [9] INFO  WorkerController 7 SelectRecords
2017-12-21 22:21:33,984 [9] INFO  WorkerController 3 SelectTables
2017-12-21 22:21:35,038 [11] INFO  WorkerController 6 SelectRecords
2017-12-21 22:21:38,837 [7] INFO  WorkerController 6 CreateRecord
2017-12-21 22:25:24,795 [10] INFO  WorkerController 3 SelectTables
2017-12-21 22:25:27,035 [10] INFO  WorkerController 6 SelectRecords
2017-12-21 22:25:28,915 [9] INFO  WorkerController 6 CreateRecord
2017-12-21 22:26:54,403 [7] INFO  WorkerController 6 CreateRecord
2017-12-21 22:28:32,388 [8] INFO  WorkerController 6 CreateRecord
2017-12-21 22:29:21,105 [9] INFO  WorkerController 6 CreateRecord
2017-12-21 22:32:00,400 [11] INFO  WorkerController 6 CreateRecord
2017-12-21 22:32:17,143 [9] INFO  WorkerController CRC 6 500  
2017-12-21 22:32:17,144 [9] INFO  WorkerDAO CR 6 500  root
2017-12-21 22:32:17,211 [11] INFO  WorkerController 6 SelectRecords
2017-12-21 22:32:20,197 [11] INFO  WorkerController SelectRecordsNonCheck
2017-12-21 22:32:37,041 [11] INFO  TechnologistController  117
2017-12-21 22:32:37,925 [11] INFO  TechnologistController CreateCalculatePost 1 117
2017-12-21 22:32:43,959 [14] INFO  WorkerController SelectRecordsNonCheck
2017-12-21 22:32:46,866 [14] INFO  WorkerController SetCheckRecord
2017-12-21 22:32:46,878 [10] INFO  WorkerController SelectRecordsNonCheck
2017-12-21 22:32:55,221 [11] INFO  TechnologistController  117
2017-12-21 22:32:56,167 [14] INFO  TechnologistController CreateCalculatePost 1 117
2017-12-22 01:49:21,459 [5] INFO  WorkerController Start get controller for ViewMaterials
2017-12-22 01:49:21,808 [5] INFO  WorkerController Start get controller for SelectMaterials
2017-12-22 01:49:21,808 [5] INFO  WorkerDAO Start method GetAllMaterial
2017-12-22 01:49:21,809 [5] INFO  WorkerDAO Open connect with base Data Source=.\SQLEXPRESS; Initial Catalog=Stock; Integrated Security=True;
2017-12-22 01:49:21,816 [5] INFO  WorkerDAO Close connect
2017-12-22 01:49:31,275 [8] INFO  WorkerController Start get controller for ViewTables
2017-12-22 01:49:31,279 [8] INFO  WorkerController Start get controller for SelectTables
2017-12-22 01:49:31,281 [8] INFO  WorkerDAO Start method GetTables
2017-12-22 01:49:31,282 [8] INFO  WorkerDAO Open connect with base Data Source=.\SQLEXPRESS; Initial Catalog=Stock; Integrated Security=True;
2017-12-22 01:49:31,284 [8] INFO  WorkerDAO Close connect
2017-12-22 01:49:33,321 [12] INFO  WorkerController Start get controller for ViewRecords
2017-12-22 01:49:33,323 [12] INFO  WorkerController Start get controller for SelectRecords
2017-12-22 01:49:33,326 [12] INFO  WorkerDAO Start method GetRecords
2017-12-22 01:49:33,326 [12] INFO  WorkerDAO Open connect with base Data Source=.\SQLEXPRESS; Initial Catalog=Stock; Integrated Security=True;
2017-12-22 01:49:33,328 [12] INFO  WorkerDAO Close connect
2017-12-22 01:49:34,521 [12] INFO  WorkerController Start get controller for CreateRecord
2017-12-22 01:53:13,031 [5] INFO  WorkerController Start get controller for SelectMaterials
2017-12-22 01:53:13,040 [5] INFO  WorkerDAO Start method GetAllMaterial
2017-12-22 01:53:13,040 [5] INFO  WorkerDAO Open connect with base Data Source=.\SQLEXPRESS; Initial Catalog=Stock; Integrated Security=True;
2017-12-22 01:53:13,123 [5] INFO  WorkerDAO Close connect
2017-12-22 01:53:23,390 [9] INFO  WorkerController Start get controller for ViewMaterials
2017-12-22 01:53:23,398 [9] INFO  WorkerController Start get controller for SelectMaterials
2017-12-22 01:53:23,398 [9] INFO  WorkerDAO Start method GetAllMaterial
2017-12-22 01:53:23,398 [9] INFO  WorkerDAO Open connect with base Data Source=.\SQLEXPRESS; Initial Catalog=Stock; Integrated Security=True;
2017-12-22 01:53:23,400 [9] INFO  WorkerDAO Close connect
2017-12-22 01:53:40,811 [9] INFO  WorkerController Start get controller for SelectMaterials
2017-12-22 01:53:40,819 [9] INFO  WorkerDAO Start method GetAllMaterial
2017-12-22 01:53:40,819 [9] INFO  WorkerDAO Open connect with base Data Source=.\SQLEXPRESS; Initial Catalog=Stock; Integrated Security=True;
2017-12-22 01:53:40,920 [9] INFO  WorkerDAO Close connect
2017-12-22 01:53:46,419 [10] INFO  WorkerController Start get controller for ViewMaterials
2017-12-22 01:53:46,431 [10] INFO  WorkerController Start get controller for SelectMaterials
2017-12-22 01:53:46,431 [10] INFO  WorkerDAO Start method GetAllMaterial
2017-12-22 01:53:46,431 [10] INFO  WorkerDAO Open connect with base Data Source=.\SQLEXPRESS; Initial Catalog=Stock; Integrated Security=True;
2017-12-22 01:53:46,433 [10] INFO  WorkerDAO Close connect
2017-12-22 01:53:54,456 [10] INFO  AdminController Start get controller for Index
2017-12-22 01:53:54,457 [10] INFO  AdminDAO Start method GetAllUsers
2017-12-22 01:53:54,457 [10] INFO  AdminDAO Open connect with base Data Source=(LocalDb)\MSSQLLocalDB;AttachDbFilename=|DataDirectory|\aspnet-Course_Stock-20171206112834.mdf;Initial Catalog=aspnet-Course_Stock-20171206112834;Integrated Security=True
2017-12-22 01:53:54,486 [10] INFO  AdminDAO Close connect
2017-12-22 01:53:56,001 [9] INFO  WorkerController Start get controller for ViewMaterials
2017-12-22 01:53:56,002 [9] INFO  WorkerController Start get controller for SelectMaterials
2017-12-22 01:53:56,002 [9] INFO  WorkerDAO Start method GetAllMaterial
2017-12-22 01:53:56,002 [9] INFO  WorkerDAO Open connect with base Data Source=.\SQLEXPRESS; Initial Catalog=Stock; Integrated Security=True;
2017-12-22 01:53:56,003 [9] INFO  WorkerDAO Close connect
2017-12-22 01:54:27,515 [8] INFO  WorkerController Start get controller for SelectMaterials
2017-12-22 01:54:27,523 [8] INFO  WorkerDAO Start method GetAllMaterial
2017-12-22 01:54:27,524 [8] INFO  WorkerDAO Open connect with base Data Source=.\SQLEXPRESS; Initial Catalog=Stock; Integrated Security=True;
2017-12-22 01:54:27,626 [8] INFO  WorkerDAO Close connect
2017-12-22 01:54:29,382 [7] INFO  WorkerController Start get controller for ViewMaterials
2017-12-22 01:54:31,503 [7] INFO  WorkerController Start get controller for SelectMaterials
2017-12-22 01:54:31,503 [7] INFO  WorkerDAO Start method GetAllMaterial
2017-12-22 01:54:31,503 [7] INFO  WorkerDAO Open connect with base Data Source=.\SQLEXPRESS; Initial Catalog=Stock; Integrated Security=True;
2017-12-22 01:54:31,504 [7] INFO  WorkerDAO Close connect
2017-12-22 01:54:47,736 [8] INFO  WorkerController Start get controller for SelectMaterials
2017-12-22 01:54:47,745 [8] INFO  WorkerDAO Start method GetAllMaterial
2017-12-22 01:54:47,745 [8] INFO  WorkerDAO Open connect with base Data Source=.\SQLEXPRESS; Initial Catalog=Stock; Integrated Security=True;
2017-12-22 01:54:47,855 [8] INFO  WorkerDAO Close connect
2017-12-22 01:54:52,998 [10] INFO  WorkerController Start get controller for ViewMaterials
2017-12-22 01:54:53,007 [10] INFO  WorkerController Start get controller for SelectMaterials
2017-12-22 01:54:53,007 [10] INFO  WorkerDAO Start method GetAllMaterial
2017-12-22 01:54:53,007 [10] INFO  WorkerDAO Open connect with base Data Source=.\SQLEXPRESS; Initial Catalog=Stock; Integrated Security=True;
2017-12-22 01:54:53,009 [10] INFO  WorkerDAO Close connect
2017-12-22 01:55:44,242 [7] INFO  WorkerController Start get controller for SelectMaterials
2017-12-22 01:55:44,250 [7] INFO  WorkerDAO Start method GetAllMaterial
2017-12-22 01:55:44,251 [7] INFO  WorkerDAO Open connect with base Data Source=.\SQLEXPRESS; Initial Catalog=Stock; Integrated Security=True;
2017-12-22 01:55:44,359 [7] INFO  WorkerDAO Close connect
2017-12-22 01:55:57,409 [8] INFO  WorkerController Start get controller for ViewMaterials
2017-12-22 01:55:57,420 [8] INFO  WorkerController Start get controller for SelectMaterials
2017-12-22 01:55:57,420 [8] INFO  WorkerDAO Start method GetAllMaterial
2017-12-22 01:55:57,420 [8] INFO  WorkerDAO Open connect with base Data Source=.\SQLEXPRESS; Initial Catalog=Stock; Integrated Security=True;
2017-12-22 01:55:57,422 [8] INFO  WorkerDAO Close connect
2017-12-22 01:55:58,560 [8] INFO  WorkerController Start get controller for CreateMaterial
2017-12-22 01:57:02,691 [9] INFO  WorkerController Start get controller for CreateMaterial
2017-12-22 01:57:05,332 [11] INFO  WorkerController Start post controller for CreateMaterial
2017-12-22 01:57:05,332 [11] INFO  WorkerDAO Start method CreateMaterial
2017-12-22 01:57:05,332 [11] INFO  WorkerDAO Open connect with base Data Source=.\SQLEXPRESS; Initial Catalog=Stock; Integrated Security=True;
2017-12-22 01:57:05,392 [11] ERROR WorkerDAO CreateMaterial Falled System.Data.SqlClient.SqlException (0x80131904): Недопустимое имя столбца "name".
Недопустимое имя столбца "qantity".
   в System.Data.SqlClient.SqlConnection.OnError(SqlException exception, Boolean breakConnection, Action`1 wrapCloseInAction)
   в System.Data.SqlClient.SqlInternalConnection.OnError(SqlException exception, Boolean breakConnection, Action`1 wrapCloseInAction)
   в System.Data.SqlClient.TdsParser.ThrowExceptionAndWarning(TdsParserStateObject stateObj, Boolean callerHasConnectionLock, Boolean asyncClose)
   в System.Data.SqlClient.TdsParser.TryRun(RunBehavior runBehavior, SqlCommand cmdHandler, SqlDataReader dataStream, BulkCopySimpleResultSet bulkCopyHandler, TdsParserStateObject stateObj, Boolean& dataReady)
   в System.Data.SqlClient.SqlCommand.FinishExecuteReader(SqlDataReader ds, RunBehavior runBehavior, String resetOptionsString)
   в System.Data.SqlClient.SqlCommand.RunExecuteReaderTds(CommandBehavior cmdBehavior, RunBehavior runBehavior, Boolean returnStream, Boolean async, Int32 timeout, Task& task, Boolean asyncWrite, SqlDataReader ds, Boolean describeParameterEncryptionRequest)
   в System.Data.SqlClient.SqlCommand.RunExecuteReader(CommandBehavior cmdBehavior, RunBehavior runBehavior, Boolean returnStream, String method, TaskCompletionSource`1 completion, Int32 timeout, Task& task, Boolean asyncWrite)
   в System.Data.SqlClient.SqlCommand.InternalExecuteNonQuery(TaskCompletionSource`1 completion, String methodName, Boolean sendToPipe, Int32 timeout, Boolean asyncWrite)
   в System.Data.SqlClient.SqlCommand.ExecuteNonQuery()
   в Course_Stock.DAO.WorkerDAO.CreateMaterial(Material m) в C:\Users\INFERUS\Documents\Visual Studio 2015\Projects\Course_Stock\Course_Stock\DAO\WorkerDAO.cs:строка 172
ClientConnectionId:adf885cc-0d10-4468-81a8-8a29bc6ef1a9
Error Number: 207, State: 1, Class: 16
2017-12-22 01:57:05,392 [11] INFO  WorkerDAO Close connect
2017-12-22 01:58:08,527 [8] INFO  WorkerController Start get controller for ViewMaterials
2017-12-22 01:58:08,872 [8] INFO  WorkerController Start get controller for SelectMaterials
2017-12-22 01:58:08,872 [8] INFO  WorkerDAO Start method GetAllMaterial
2017-12-22 01:58:08,872 [8] INFO  WorkerDAO Open connect with base Data Source=.\SQLEXPRESS; Initial Catalog=Stock; Integrated Security=True;
2017-12-22 01:58:08,901 [8] INFO  WorkerDAO Close connect
2017-12-22 01:58:14,151 [7] INFO  WorkerController Start get controller for CreateMaterial
2017-12-22 01:58:17,270 [8] INFO  WorkerController Start post controller for CreateMaterial
2017-12-22 01:58:17,270 [8] INFO  WorkerDAO Start method CreateMaterial
2017-12-22 01:58:17,270 [8] INFO  WorkerDAO Open connect with base Data Source=.\SQLEXPRESS; Initial Catalog=Stock; Integrated Security=True;
2017-12-22 01:58:17,294 [8] ERROR WorkerDAO CreateMaterial Falled System.Data.SqlClient.SqlException (0x80131904): Недопустимое имя столбца "name".
Недопустимое имя столбца "qantity".
   в System.Data.SqlClient.SqlConnection.OnError(SqlException exception, Boolean breakConnection, Action`1 wrapCloseInAction)
   в System.Data.SqlClient.SqlInternalConnection.OnError(SqlException exception, Boolean breakConnection, Action`1 wrapCloseInAction)
   в System.Data.SqlClient.TdsParser.ThrowExceptionAndWarning(TdsParserStateObject stateObj, Boolean callerHasConnectionLock, Boolean asyncClose)
   в System.Data.SqlClient.TdsParser.TryRun(RunBehavior runBehavior, SqlCommand cmdHandler, SqlDataReader dataStream, BulkCopySimpleResultSet bulkCopyHandler, TdsParserStateObject stateObj, Boolean& dataReady)
   в System.Data.SqlClient.SqlCommand.FinishExecuteReader(SqlDataReader ds, RunBehavior runBehavior, String resetOptionsString)
   в System.Data.SqlClient.SqlCommand.RunExecuteReaderTds(CommandBehavior cmdBehavior, RunBehavior runBehavior, Boolean returnStream, Boolean async, Int32 timeout, Task& task, Boolean asyncWrite, SqlDataReader ds, Boolean describeParameterEncryptionRequest)
   в System.Data.SqlClient.SqlCommand.RunExecuteReader(CommandBehavior cmdBehavior, RunBehavior runBehavior, Boolean returnStream, String method, TaskCompletionSource`1 completion, Int32 timeout, Task& task, Boolean asyncWrite)
   в System.Data.SqlClient.SqlCommand.InternalExecuteNonQuery(TaskCompletionSource`1 completion, String methodName, Boolean sendToPipe, Int32 timeout, Boolean asyncWrite)
   в System.Data.SqlClient.SqlCommand.ExecuteNonQuery()
   в Course_Stock.DAO.WorkerDAO.CreateMaterial(Material m) в C:\Users\INFERUS\Documents\Visual Studio 2015\Projects\Course_Stock\Course_Stock\DAO\WorkerDAO.cs:строка 172
ClientConnectionId:3862f449-1dd1-4822-aa32-10ac2387ba95
Error Number: 207, State: 1, Class: 16
2017-12-22 01:58:17,294 [8] INFO  WorkerDAO Close connect
2017-12-22 01:58:17,306 [5] INFO  WorkerController Start get controller for ViewMaterials
2017-12-22 01:58:17,307 [5] INFO  WorkerController Start get controller for SelectMaterials
2017-12-22 01:58:17,307 [5] INFO  WorkerDAO Start method GetAllMaterial
2017-12-22 01:58:17,307 [5] INFO  WorkerDAO Open connect with base Data Source=.\SQLEXPRESS; Initial Catalog=Stock; Integrated Security=True;
2017-12-22 01:58:17,308 [5] INFO  WorkerDAO Close connect
2017-12-22 02:00:17,094 [8] INFO  WorkerController Start get controller for ViewMaterials
2017-12-22 02:00:17,492 [8] INFO  WorkerController Start get controller for SelectMaterials
2017-12-22 02:00:17,492 [8] INFO  WorkerDAO Start method GetAllMaterial
2017-12-22 02:00:17,492 [8] INFO  WorkerDAO Open connect with base Data Source=.\SQLEXPRESS; Initial Catalog=Stock; Integrated Security=True;
2017-12-22 02:00:17,516 [8] INFO  WorkerDAO Close connect
2017-12-22 02:00:18,988 [10] INFO  WorkerController Start get controller for CreateMaterial
2017-12-22 02:00:21,697 [7] INFO  WorkerController Start post controller for CreateMaterial
2017-12-22 02:00:21,697 [7] INFO  WorkerDAO Start method CreateMaterial
2017-12-22 02:00:21,697 [7] INFO  WorkerDAO Open connect with base Data Source=.\SQLEXPRESS; Initial Catalog=Stock; Integrated Security=True;
2017-12-22 02:00:21,721 [7] ERROR WorkerDAO CreateMaterial Falled System.Data.SqlClient.SqlException (0x80131904): Недопустимое имя столбца "name".
   в System.Data.SqlClient.SqlConnection.OnError(SqlException exception, Boolean breakConnection, Action`1 wrapCloseInAction)
   в System.Data.SqlClient.SqlInternalConnection.OnError(SqlException exception, Boolean breakConnection, Action`1 wrapCloseInAction)
   в System.Data.SqlClient.TdsParser.ThrowExceptionAndWarning(TdsParserStateObject stateObj, Boolean callerHasConnectionLock, Boolean asyncClose)
   в System.Data.SqlClient.TdsParser.TryRun(RunBehavior runBehavior, SqlCommand cmdHandler, SqlDataReader dataStream, BulkCopySimpleResultSet bulkCopyHandler, TdsParserStateObject stateObj, Boolean& dataReady)
   в System.Data.SqlClient.SqlCommand.FinishExecuteReader(SqlDataReader ds, RunBehavior runBehavior, String resetOptionsString)
   в System.Data.SqlClient.SqlCommand.RunExecuteReaderTds(CommandBehavior cmdBehavior, RunBehavior runBehavior, Boolean returnStream, Boolean async, Int32 timeout, Task& task, Boolean asyncWrite, SqlDataReader ds, Boolean describeParameterEncryptionRequest)
   в System.Data.SqlClient.SqlCommand.RunExecuteReader(CommandBehavior cmdBehavior, RunBehavior runBehavior, Boolean returnStream, String method, TaskCompletionSource`1 completion, Int32 timeout, Task& task, Boolean asyncWrite)
   в System.Data.SqlClient.SqlCommand.InternalExecuteNonQuery(TaskCompletionSource`1 completion, String methodName, Boolean sendToPipe, Int32 timeout, Boolean asyncWrite)
   в System.Data.SqlClient.SqlCommand.ExecuteNonQuery()
   в Course_Stock.DAO.WorkerDAO.CreateMaterial(Material m) в C:\Users\INFERUS\Documents\Visual Studio 2015\Projects\Course_Stock\Course_Stock\DAO\WorkerDAO.cs:строка 172
ClientConnectionId:da046dda-4a3a-4eec-b28d-4d5ee63abef8
Error Number: 207, State: 1, Class: 16
2017-12-22 02:00:21,721 [7] INFO  WorkerDAO Close connect
2017-12-22 02:00:21,734 [9] INFO  WorkerController Start get controller for ViewMaterials
2017-12-22 02:00:21,735 [9] INFO  WorkerController Start get controller for SelectMaterials
2017-12-22 02:00:21,735 [9] INFO  WorkerDAO Start method GetAllMaterial
2017-12-22 02:00:21,735 [9] INFO  WorkerDAO Open connect with base Data Source=.\SQLEXPRESS; Initial Catalog=Stock; Integrated Security=True;
2017-12-22 02:00:21,736 [9] INFO  WorkerDAO Close connect
2017-12-22 02:01:41,075 [9] INFO  WorkerController Start get controller for ViewMaterials
2017-12-22 02:01:41,478 [9] INFO  WorkerController Start get controller for SelectMaterials
2017-12-22 02:01:41,478 [9] INFO  WorkerDAO Start method GetAllMaterial
2017-12-22 02:01:41,478 [9] INFO  WorkerDAO Open connect with base Data Source=.\SQLEXPRESS; Initial Catalog=Stock; Integrated Security=True;
2017-12-22 02:01:41,503 [9] INFO  WorkerDAO Close connect
2017-12-22 02:01:42,569 [9] INFO  WorkerController Start get controller for CreateMaterial
2017-12-22 02:01:46,062 [10] INFO  WorkerController Start post controller for CreateMaterial
2017-12-22 02:01:46,062 [10] INFO  WorkerDAO Start method CreateMaterial
2017-12-22 02:01:46,062 [10] INFO  WorkerDAO Open connect with base Data Source=.\SQLEXPRESS; Initial Catalog=Stock; Integrated Security=True;
2017-12-22 02:01:46,110 [10] INFO  WorkerDAO Close connect
2017-12-22 02:01:46,131 [9] INFO  WorkerController Start get controller for ViewMaterials
2017-12-22 02:01:46,132 [9] INFO  WorkerController Start get controller for SelectMaterials
2017-12-22 02:01:46,132 [9] INFO  WorkerDAO Start method GetAllMaterial
2017-12-22 02:01:46,132 [9] INFO  WorkerDAO Open connect with base Data Source=.\SQLEXPRESS; Initial Catalog=Stock; Integrated Security=True;
2017-12-22 02:01:46,133 [9] INFO  WorkerDAO Close connect
2017-12-22 02:01:47,789 [7] INFO  WorkerController Start get controller for ViewTables
2017-12-22 02:01:47,794 [7] INFO  WorkerController Start get controller for SelectTables
2017-12-22 02:01:47,798 [7] INFO  WorkerDAO Start method GetTables
2017-12-22 02:01:47,798 [7] INFO  WorkerDAO Open connect with base Data Source=.\SQLEXPRESS; Initial Catalog=Stock; Integrated Security=True;
2017-12-22 02:01:47,801 [7] INFO  WorkerDAO Close connect
2017-12-22 02:01:50,708 [9] INFO  WorkerController Start get controller for ViewMaterials
2017-12-22 02:01:50,709 [9] INFO  WorkerController Start get controller for SelectMaterials
2017-12-22 02:01:50,710 [9] INFO  WorkerDAO Start method GetAllMaterial
2017-12-22 02:01:50,710 [9] INFO  WorkerDAO Open connect with base Data Source=.\SQLEXPRESS; Initial Catalog=Stock; Integrated Security=True;
2017-12-22 02:01:50,712 [9] INFO  WorkerDAO Close connect
2017-12-22 02:01:57,025 [9] INFO  WorkerController Start get controller for ViewTables
2017-12-22 02:01:57,027 [9] INFO  WorkerController Start get controller for SelectTables
2017-12-22 02:01:57,027 [9] INFO  WorkerDAO Start method GetTables
2017-12-22 02:01:57,027 [9] INFO  WorkerDAO Open connect with base Data Source=.\SQLEXPRESS; Initial Catalog=Stock; Integrated Security=True;
2017-12-22 02:01:57,029 [9] INFO  WorkerDAO Close connect
2017-12-22 02:01:58,218 [9] INFO  WorkerController Start get controller for ViewMaterials
2017-12-22 02:01:58,219 [9] INFO  WorkerController Start get controller for SelectMaterials
2017-12-22 02:01:58,219 [9] INFO  WorkerDAO Start method GetAllMaterial
2017-12-22 02:01:58,219 [9] INFO  WorkerDAO Open connect with base Data Source=.\SQLEXPRESS; Initial Catalog=Stock; Integrated Security=True;
2017-12-22 02:01:58,220 [9] INFO  WorkerDAO Close connect
2017-12-22 02:23:51,650 [10] INFO  WorkerController Start get controller for ViewMaterials
2017-12-22 02:23:51,718 [10] INFO  WorkerController Start get controller for SelectMaterials
2017-12-22 02:23:51,719 [10] INFO  WorkerDAO Start method GetAllMaterial
2017-12-22 02:23:51,719 [10] INFO  WorkerDAO Open connect with base Data Source=.\SQLEXPRESS; Initial Catalog=Stock; Integrated Security=True;
2017-12-22 02:23:51,727 [10] INFO  WorkerDAO Close connect
2017-12-22 02:23:52,681 [10] INFO  WorkerController Start get controller for ViewTables
2017-12-22 02:23:52,685 [10] INFO  WorkerController Start get controller for SelectTables
2017-12-22 02:23:52,688 [10] INFO  WorkerDAO Start method GetTables
2017-12-22 02:23:52,688 [10] INFO  WorkerDAO Open connect with base Data Source=.\SQLEXPRESS; Initial Catalog=Stock; Integrated Security=True;
2017-12-22 02:23:52,690 [10] INFO  WorkerDAO Close connect
2017-12-22 02:23:57,471 [7] INFO  WorkerController Start get controller for ViewRecords
2017-12-22 02:23:57,475 [7] INFO  WorkerController Start get controller for SelectRecords
2017-12-22 02:23:57,478 [7] INFO  WorkerDAO Start method GetRecords
2017-12-22 02:23:57,478 [7] INFO  WorkerDAO Open connect with base Data Source=.\SQLEXPRESS; Initial Catalog=Stock; Integrated Security=True;
2017-12-22 02:23:57,480 [7] INFO  WorkerDAO Close connect
2017-12-22 02:25:08,304 [12] INFO  WorkerController Start get controller for CreateRecord
2017-12-22 05:07:43,806 [10] INFO  AdminController Start get controller for Index
2017-12-22 05:07:43,815 [10] INFO  AdminDAO Start method GetAllUsers
2017-12-22 05:07:43,815 [10] INFO  AdminDAO Open connect with base Data Source=(LocalDb)\MSSQLLocalDB;AttachDbFilename=|DataDirectory|\aspnet-Course_Stock-20171206112834.mdf;Initial Catalog=aspnet-Course_Stock-20171206112834;Integrated Security=True
2017-12-22 05:07:43,817 [10] INFO  AdminDAO Close connect
2017-12-22 05:09:18,972 [20] INFO  AdminDAO Start method GetRoles
2017-12-22 05:09:18,972 [20] INFO  AdminDAO Open connect with base Data Source=(LocalDb)\MSSQLLocalDB;AttachDbFilename=|DataDirectory|\aspnet-Course_Stock-20171206112834.mdf;Initial Catalog=aspnet-Course_Stock-20171206112834;Integrated Security=True
2017-12-22 05:09:18,975 [20] INFO  AdminDAO Close connect
2017-12-22 05:11:40,186 [25] INFO  TechnologistController Start get controller for ViewProduct
2017-12-22 05:11:43,706 [25] INFO  TechnologistController Start get controller for SelectProduct
2017-12-22 05:11:43,706 [25] INFO  TechnologistDAO Start method GetAllProduct
2017-12-22 05:11:43,706 [25] INFO  TechnologistDAO Open connect with base Data Source=.\SQLEXPRESS; Initial Catalog=Stock; Integrated Security=True;
2017-12-22 05:11:43,713 [25] INFO  TechnologistDAO Close connect
2017-12-22 05:11:47,822 [27] INFO  TechnologistController Start get controller for SelectComponentProduct
2017-12-22 05:11:47,824 [27] INFO  TechnologistDAO Start method GetComponentProduct
2017-12-22 05:11:47,824 [27] INFO  TechnologistDAO Open connect with base Data Source=.\SQLEXPRESS; Initial Catalog=Stock; Integrated Security=True;
2017-12-22 05:11:47,826 [27] INFO  TechnologistDAO Close connect
2017-12-22 05:11:56,555 [27] INFO  TechnologistController Start get controller for CreateCalculate
2017-12-22 05:11:56,556 [27] INFO  TechnologistDAO Start method GetComponentForCalculate
2017-12-22 05:11:56,556 [27] INFO  TechnologistDAO Open connect with base Data Source=.\SQLEXPRESS; Initial Catalog=Stock; Integrated Security=True;
2017-12-22 05:11:56,558 [27] INFO  TechnologistDAO Close connect
2017-12-22 05:11:56,559 [27] INFO  Calculate Start CalcMax
2017-12-22 05:11:56,560 [27] INFO  TechnologistController  117
